<?xml version="1.0" encoding="UTF-8"?>
<testsuite xmlns:xsi="http://www.w3.org/2001/XMLSchema-instance" xsi:noNamespaceSchemaLocation="https://maven.apache.org/surefire/maven-surefire-plugin/xsd/surefire-test-report-3.0.xsd" version="3.0" name="com.adlin.orin.modules.system.service.DynamicLoggerServiceTest" time="0.029" tests="7" errors="0" skipped="0" failures="0">
  <properties>
[...]
</properties>
  <testcase name="testGetSupportedLevels" classname="com.adlin.orin.modules.system.service.DynamicLoggerServiceTest" time="0.019"/>
  <testcase name="testResetAllLoggers" classname="com.adlin.orin.modules.system.service.DynamicLoggerServiceTest" time="0.002">
    <system-out><![CDATA[13:45:49.975 [main] INFO com.adlin.orin.modules.system.service.DynamicLoggerService -- All loggers reset to default levels
]]></system-out>
  </testcase>
  <testcase name="testResetLogger" classname="com.adlin.orin.modules.system.service.DynamicLoggerServiceTest" time="0.001">
    <system-out><![CDATA[13:45:49.976 [main] INFO com.adlin.orin.modules.system.service.DynamicLoggerService -- Logger 'com.adlin.orin' reset to default level
]]></system-out>
  </testcase>
  <testcase name="testSetLogLevel_ValidLevel" classname="com.adlin.orin.modules.system.service.DynamicLoggerServiceTest" time="0.001">
    <system-out><![CDATA[13:45:49.978 [main] INFO com.adlin.orin.modules.system.service.DynamicLoggerService -- Logger 'com.adlin.orin' level changed to: INFO
]]></system-out>
  </testcase>
  <testcase name="testSetLogLevel_InvalidLevel" classname="com.adlin.orin.modules.system.service.DynamicLoggerServiceTest" time="0.002"/>
  <testcase name="testBatchSetLogLevel" classname="com.adlin.orin.modules.system.service.DynamicLoggerServiceTest" time="0.002">
    <system-out><![CDATA[13:45:49.981 [main] INFO com.adlin.orin.modules.system.service.DynamicLoggerService -- Logger 'org.springframework' level changed to: WARN
13:45:49.981 [main] INFO com.adlin.orin.modules.system.service.DynamicLoggerService -- Logger 'com.adlin.orin' level changed to: DEBUG
13:45:49.981 [main] INFO com.adlin.orin.modules.system.service.DynamicLoggerService -- Batch updated 2 loggers
]]></system-out>
  </testcase>
  <testcase name="testSetLogLevel_NullLevel" classname="com.adlin.orin.modules.system.service.DynamicLoggerServiceTest" time="0.001">
    <system-out><![CDATA[13:45:49.983 [main] INFO com.adlin.orin.modules.system.service.DynamicLoggerService -- Logger 'com.adlin.orin' level changed to: NULL
]]></system-out>
  </testcase>
</testsuite>