{"/Users/adlin/Documents/Code/ORIN/orin-frontend/src/api/gateway.js": {"path":"/Users/adlin/Documents/Code/ORIN/orin-frontend/src/api/gateway.js","statementMap":{"0":{"start":{"line":4,"column":41},"end":{"line":6,"column":null}},"1":{"start":{"line":5,"column":4},"end":{"line":5,"column":null}},"2":{"start":{"line":8,"column":39},"end":{"line":10,"column":null}},"3":{"start":{"line":9,"column":4},"end":{"line":9,"column":null}},"4":{"start":{"line":12,"column":42},"end":{"line":14,"column":null}},"5":{"start":{"line":13,"column":4},"end":{"line":13,"column":null}},"6":{"start":{"line":16,"column":47},"end":{"line":18,"column":null}},"7":{"start":{"line":17,"column":4},"end":{"line":17,"column":null}},"8":{"start":{"line":20,"column":53},"end":{"line":22,"column":null}},"9":{"start":{"line":21,"column":4},"end":{"line":21,"column":null}},"10":{"start":{"line":25,"column":25},"end":{"line":27,"column":null}},"11":{"start":{"line":26,"column":4},"end":{"line":26,"column":null}},"12":{"start":{"line":29,"column":24},"end":{"line":31,"column":null}},"13":{"start":{"line":30,"column":4},"end":{"line":30,"column":null}},"14":{"start":{"line":33,"column":39},"end":{"line":35,"column":null}},"15":{"start":{"line":34,"column":4},"end":{"line":34,"column":null}},"16":{"start":{"line":37,"column":27},"end":{"line":39,"column":null}},"17":{"start":{"line":38,"column":4},"end":{"line":38,"column":null}},"18":{"start":{"line":41,"column":27},"end":{"line":43,"column":null}},"19":{"start":{"line":42,"column":4},"end":{"line":42,"column":null}},"20":{"start":{"line":45,"column":26},"end":{"line":47,"column":null}},"21":{"start":{"line":46,"column":4},"end":{"line":46,"column":null}},"22":{"start":{"line":49,"column":27},"end":{"line":51,"column":null}},"23":{"start":{"line":50,"column":4},"end":{"line":50,"column":null}},"24":{"start":{"line":53,"column":25},"end":{"line":55,"column":null}},"25":{"start":{"line":54,"column":4},"end":{"line":54,"column":null}},"26":{"start":{"line":58,"column":27},"end":{"line":60,"column":null}},"27":{"start":{"line":59,"column":4},"end":{"line":59,"column":null}},"28":{"start":{"line":62,"column":26},"end":{"line":64,"column":null}},"29":{"start":{"line":63,"column":4},"end":{"line":63,"column":null}},"30":{"start":{"line":66,"column":29},"end":{"line":68,"column":null}},"31":{"start":{"line":67,"column":4},"end":{"line":67,"column":null}},"32":{"start":{"line":70,"column":29},"end":{"line":72,"column":null}},"33":{"start":{"line":71,"column":4},"end":{"line":71,"column":null}},"34":{"start":{"line":74,"column":29},"end":{"line":76,"column":null}},"35":{"start":{"line":75,"column":4},"end":{"line":75,"column":null}},"36":{"start":{"line":79,"column":35},"end":{"line":81,"column":null}},"37":{"start":{"line":80,"column":4},"end":{"line":80,"column":null}},"38":{"start":{"line":83,"column":37},"end":{"line":85,"column":null}},"39":{"start":{"line":84,"column":4},"end":{"line":84,"column":null}},"40":{"start":{"line":87,"column":37},"end":{"line":89,"column":null}},"41":{"start":{"line":88,"column":4},"end":{"line":88,"column":null}},"42":{"start":{"line":91,"column":37},"end":{"line":93,"column":null}},"43":{"start":{"line":92,"column":4},"end":{"line":92,"column":null}},"44":{"start":{"line":95,"column":34},"end":{"line":97,"column":null}},"45":{"start":{"line":96,"column":4},"end":{"line":96,"column":null}},"46":{"start":{"line":100,"column":27},"end":{"line":102,"column":null}},"47":{"start":{"line":101,"column":4},"end":{"line":101,"column":null}},"48":{"start":{"line":104,"column":26},"end":{"line":106,"column":null}},"49":{"start":{"line":105,"column":4},"end":{"line":105,"column":null}},"50":{"start":{"line":108,"column":29},"end":{"line":110,"column":null}},"51":{"start":{"line":109,"column":4},"end":{"line":109,"column":null}},"52":{"start":{"line":112,"column":29},"end":{"line":114,"column":null}},"53":{"start":{"line":113,"column":4},"end":{"line":113,"column":null}},"54":{"start":{"line":116,"column":29},"end":{"line":118,"column":null}},"55":{"start":{"line":117,"column":4},"end":{"line":117,"column":null}},"56":{"start":{"line":120,"column":27},"end":{"line":122,"column":null}},"57":{"start":{"line":121,"column":4},"end":{"line":121,"column":null}},"58":{"start":{"line":125,"column":30},"end":{"line":127,"column":null}},"59":{"start":{"line":126,"column":4},"end":{"line":126,"column":null}},"60":{"start":{"line":129,"column":36},"end":{"line":131,"column":null}},"61":{"start":{"line":130,"column":4},"end":{"line":130,"column":null}},"62":{"start":{"line":133,"column":37},"end":{"line":135,"column":null}},"63":{"start":{"line":134,"column":4},"end":{"line":134,"column":null}},"64":{"start":{"line":137,"column":37},"end":{"line":139,"column":null}},"65":{"start":{"line":138,"column":4},"end":{"line":138,"column":null}},"66":{"start":{"line":141,"column":37},"end":{"line":143,"column":null}},"67":{"start":{"line":142,"column":4},"end":{"line":142,"column":null}},"68":{"start":{"line":145,"column":41},"end":{"line":147,"column":null}},"69":{"start":{"line":146,"column":4},"end":{"line":146,"column":null}},"70":{"start":{"line":149,"column":42},"end":{"line":151,"column":null}},"71":{"start":{"line":150,"column":4},"end":{"line":150,"column":null}},"72":{"start":{"line":153,"column":42},"end":{"line":155,"column":null}},"73":{"start":{"line":154,"column":4},"end":{"line":154,"column":null}},"74":{"start":{"line":157,"column":42},"end":{"line":159,"column":null}},"75":{"start":{"line":158,"column":4},"end":{"line":158,"column":null}},"76":{"start":{"line":161,"column":32},"end":{"line":163,"column":null}},"77":{"start":{"line":162,"column":4},"end":{"line":162,"column":null}},"78":{"start":{"line":165,"column":33},"end":{"line":167,"column":null}},"79":{"start":{"line":166,"column":4},"end":{"line":166,"column":null}},"80":{"start":{"line":169,"column":33},"end":{"line":171,"column":null}},"81":{"start":{"line":170,"column":4},"end":{"line":170,"column":null}},"82":{"start":{"line":173,"column":33},"end":{"line":175,"column":null}},"83":{"start":{"line":174,"column":4},"end":{"line":174,"column":null}},"84":{"start":{"line":178,"column":42},"end":{"line":180,"column":null}},"85":{"start":{"line":179,"column":4},"end":{"line":179,"column":null}}},"fnMap":{"0":{"name":"(anonymous_0)","decl":{"start":{"line":4,"column":41},"end":{"line":4,"column":42}},"loc":{"start":{"line":4,"column":47},"end":{"line":6,"column":null}},"line":4},"1":{"name":"(anonymous_1)","decl":{"start":{"line":8,"column":39},"end":{"line":8,"column":40}},"loc":{"start":{"line":8,"column":54},"end":{"line":10,"column":null}},"line":8},"2":{"name":"(anonymous_2)","decl":{"start":{"line":12,"column":42},"end":{"line":12,"column":43}},"loc":{"start":{"line":12,"column":48},"end":{"line":14,"column":null}},"line":12},"3":{"name":"(anonymous_3)","decl":{"start":{"line":16,"column":47},"end":{"line":16,"column":48}},"loc":{"start":{"line":16,"column":53},"end":{"line":18,"column":null}},"line":16},"4":{"name":"(anonymous_4)","decl":{"start":{"line":20,"column":53},"end":{"line":20,"column":54}},"loc":{"start":{"line":20,"column":59},"end":{"line":22,"column":null}},"line":20},"5":{"name":"(anonymous_5)","decl":{"start":{"line":25,"column":25},"end":{"line":25,"column":26}},"loc":{"start":{"line":25,"column":31},"end":{"line":27,"column":null}},"line":25},"6":{"name":"(anonymous_6)","decl":{"start":{"line":29,"column":24},"end":{"line":29,"column":25}},"loc":{"start":{"line":29,"column":32},"end":{"line":31,"column":null}},"line":29},"7":{"name":"(anonymous_7)","decl":{"start":{"line":33,"column":39},"end":{"line":33,"column":40}},"loc":{"start":{"line":33,"column":47},"end":{"line":35,"column":null}},"line":33},"8":{"name":"(anonymous_8)","decl":{"start":{"line":37,"column":27},"end":{"line":37,"column":28}},"loc":{"start":{"line":37,"column":37},"end":{"line":39,"column":null}},"line":37},"9":{"name":"(anonymous_9)","decl":{"start":{"line":41,"column":27},"end":{"line":41,"column":28}},"loc":{"start":{"line":41,"column":41},"end":{"line":43,"column":null}},"line":41},"10":{"name":"(anonymous_10)","decl":{"start":{"line":45,"column":26},"end":{"line":45,"column":27}},"loc":{"start":{"line":45,"column":40},"end":{"line":47,"column":null}},"line":45},"11":{"name":"(anonymous_11)","decl":{"start":{"line":49,"column":27},"end":{"line":49,"column":28}},"loc":{"start":{"line":49,"column":35},"end":{"line":51,"column":null}},"line":49},"12":{"name":"(anonymous_12)","decl":{"start":{"line":53,"column":25},"end":{"line":53,"column":26}},"loc":{"start":{"line":53,"column":35},"end":{"line":55,"column":null}},"line":53},"13":{"name":"(anonymous_13)","decl":{"start":{"line":58,"column":27},"end":{"line":58,"column":28}},"loc":{"start":{"line":58,"column":44},"end":{"line":60,"column":null}},"line":58},"14":{"name":"(anonymous_14)","decl":{"start":{"line":62,"column":26},"end":{"line":62,"column":27}},"loc":{"start":{"line":62,"column":34},"end":{"line":64,"column":null}},"line":62},"15":{"name":"(anonymous_15)","decl":{"start":{"line":66,"column":29},"end":{"line":66,"column":30}},"loc":{"start":{"line":66,"column":39},"end":{"line":68,"column":null}},"line":66},"16":{"name":"(anonymous_16)","decl":{"start":{"line":70,"column":29},"end":{"line":70,"column":30}},"loc":{"start":{"line":70,"column":43},"end":{"line":72,"column":null}},"line":70},"17":{"name":"(anonymous_17)","decl":{"start":{"line":74,"column":29},"end":{"line":74,"column":30}},"loc":{"start":{"line":74,"column":37},"end":{"line":76,"column":null}},"line":74},"18":{"name":"(anonymous_18)","decl":{"start":{"line":79,"column":35},"end":{"line":79,"column":36}},"loc":{"start":{"line":79,"column":50},"end":{"line":81,"column":null}},"line":79},"19":{"name":"(anonymous_19)","decl":{"start":{"line":83,"column":37},"end":{"line":83,"column":38}},"loc":{"start":{"line":83,"column":58},"end":{"line":85,"column":null}},"line":83},"20":{"name":"(anonymous_20)","decl":{"start":{"line":87,"column":37},"end":{"line":87,"column":38}},"loc":{"start":{"line":87,"column":70},"end":{"line":89,"column":null}},"line":87},"21":{"name":"(anonymous_21)","decl":{"start":{"line":91,"column":37},"end":{"line":91,"column":38}},"loc":{"start":{"line":91,"column":64},"end":{"line":93,"column":null}},"line":91},"22":{"name":"(anonymous_22)","decl":{"start":{"line":95,"column":34},"end":{"line":95,"column":35}},"loc":{"start":{"line":95,"column":61},"end":{"line":97,"column":null}},"line":95},"23":{"name":"(anonymous_23)","decl":{"start":{"line":100,"column":27},"end":{"line":100,"column":28}},"loc":{"start":{"line":100,"column":33},"end":{"line":102,"column":null}},"line":100},"24":{"name":"(anonymous_24)","decl":{"start":{"line":104,"column":26},"end":{"line":104,"column":27}},"loc":{"start":{"line":104,"column":34},"end":{"line":106,"column":null}},"line":104},"25":{"name":"(anonymous_25)","decl":{"start":{"line":108,"column":29},"end":{"line":108,"column":30}},"loc":{"start":{"line":108,"column":39},"end":{"line":110,"column":null}},"line":108},"26":{"name":"(anonymous_26)","decl":{"start":{"line":112,"column":29},"end":{"line":112,"column":30}},"loc":{"start":{"line":112,"column":43},"end":{"line":114,"column":null}},"line":112},"27":{"name":"(anonymous_27)","decl":{"start":{"line":116,"column":29},"end":{"line":116,"column":30}},"loc":{"start":{"line":116,"column":37},"end":{"line":118,"column":null}},"line":116},"28":{"name":"(anonymous_28)","decl":{"start":{"line":120,"column":27},"end":{"line":120,"column":28}},"loc":{"start":{"line":120,"column":37},"end":{"line":122,"column":null}},"line":120},"29":{"name":"(anonymous_29)","decl":{"start":{"line":125,"column":30},"end":{"line":125,"column":31}},"loc":{"start":{"line":125,"column":36},"end":{"line":127,"column":null}},"line":125},"30":{"name":"(anonymous_30)","decl":{"start":{"line":129,"column":36},"end":{"line":129,"column":37}},"loc":{"start":{"line":129,"column":42},"end":{"line":131,"column":null}},"line":129},"31":{"name":"(anonymous_31)","decl":{"start":{"line":133,"column":37},"end":{"line":133,"column":38}},"loc":{"start":{"line":133,"column":47},"end":{"line":135,"column":null}},"line":133},"32":{"name":"(anonymous_32)","decl":{"start":{"line":137,"column":37},"end":{"line":137,"column":38}},"loc":{"start":{"line":137,"column":51},"end":{"line":139,"column":null}},"line":137},"33":{"name":"(anonymous_33)","decl":{"start":{"line":141,"column":37},"end":{"line":141,"column":38}},"loc":{"start":{"line":141,"column":45},"end":{"line":143,"column":null}},"line":141},"34":{"name":"(anonymous_34)","decl":{"start":{"line":145,"column":41},"end":{"line":145,"column":42}},"loc":{"start":{"line":145,"column":47},"end":{"line":147,"column":null}},"line":145},"35":{"name":"(anonymous_35)","decl":{"start":{"line":149,"column":42},"end":{"line":149,"column":43}},"loc":{"start":{"line":149,"column":52},"end":{"line":151,"column":null}},"line":149},"36":{"name":"(anonymous_36)","decl":{"start":{"line":153,"column":42},"end":{"line":153,"column":43}},"loc":{"start":{"line":153,"column":56},"end":{"line":155,"column":null}},"line":153},"37":{"name":"(anonymous_37)","decl":{"start":{"line":157,"column":42},"end":{"line":157,"column":43}},"loc":{"start":{"line":157,"column":50},"end":{"line":159,"column":null}},"line":157},"38":{"name":"(anonymous_38)","decl":{"start":{"line":161,"column":32},"end":{"line":161,"column":33}},"loc":{"start":{"line":161,"column":38},"end":{"line":163,"column":null}},"line":161},"39":{"name":"(anonymous_39)","decl":{"start":{"line":165,"column":33},"end":{"line":165,"column":34}},"loc":{"start":{"line":165,"column":43},"end":{"line":167,"column":null}},"line":165},"40":{"name":"(anonymous_40)","decl":{"start":{"line":169,"column":33},"end":{"line":169,"column":34}},"loc":{"start":{"line":169,"column":47},"end":{"line":171,"column":null}},"line":169},"41":{"name":"(anonymous_41)","decl":{"start":{"line":173,"column":33},"end":{"line":173,"column":34}},"loc":{"start":{"line":173,"column":41},"end":{"line":175,"column":null}},"line":173},"42":{"name":"(anonymous_42)","decl":{"start":{"line":178,"column":42},"end":{"line":178,"column":43}},"loc":{"start":{"line":178,"column":54},"end":{"line":180,"column":null}},"line":178}},"branchMap":{"0":{"loc":{"start":{"line":8,"column":40},"end":{"line":8,"column":49}},"type":"default-arg","locations":[{"start":{"line":8,"column":48},"end":{"line":8,"column":49}}],"line":8},"1":{"loc":{"start":{"line":58,"column":28},"end":{"line":58,"column":39}},"type":"default-arg","locations":[{"start":{"line":58,"column":37},"end":{"line":58,"column":39}}],"line":58}},"s":{"0":1,"1":0,"2":1,"3":0,"4":1,"5":5,"6":1,"7":0,"8":1,"9":3,"10":1,"11":3,"12":1,"13":0,"14":1,"15":0,"16":1,"17":1,"18":1,"19":0,"20":1,"21":1,"22":1,"23":0,"24":1,"25":0,"26":1,"27":3,"28":1,"29":0,"30":1,"31":0,"32":1,"33":0,"34":1,"35":0,"36":1,"37":0,"38":1,"39":0,"40":1,"41":0,"42":1,"43":0,"44":1,"45":0,"46":1,"47":0,"48":1,"49":0,"50":1,"51":0,"52":1,"53":0,"54":1,"55":0,"56":1,"57":0,"58":1,"59":4,"60":1,"61":0,"62":1,"63":0,"64":1,"65":1,"66":1,"67":0,"68":1,"69":0,"70":1,"71":0,"72":1,"73":0,"74":1,"75":0,"76":1,"77":0,"78":1,"79":0,"80":1,"81":0,"82":1,"83":0,"84":1,"85":0},"f":{"0":0,"1":0,"2":5,"3":0,"4":3,"5":3,"6":0,"7":0,"8":1,"9":0,"10":1,"11":0,"12":0,"13":3,"14":0,"15":0,"16":0,"17":0,"18":0,"19":0,"20":0,"21":0,"22":0,"23":0,"24":0,"25":0,"26":0,"27":0,"28":0,"29":4,"30":0,"31":0,"32":1,"33":0,"34":0,"35":0,"36":0,"37":0,"38":0,"39":0,"40":0,"41":0,"42":0},"b":{"0":[0],"1":[3]},"meta":{"lastBranch":2,"lastFunction":43,"lastStatement":86,"seen":{"s:4:41:6:Infinity":0,"f:4:41:4:42":0,"s:5:4:5:Infinity":1,"s:8:39:10:Infinity":2,"f:8:39:8:40":1,"b:8:48:8:49":0,"s:9:4:9:Infinity":3,"s:12:42:14:Infinity":4,"f:12:42:12:43":2,"s:13:4:13:Infinity":5,"s:16:47:18:Infinity":6,"f:16:47:16:48":3,"s:17:4:17:Infinity":7,"s:20:53:22:Infinity":8,"f:20:53:20:54":4,"s:21:4:21:Infinity":9,"s:25:25:27:Infinity":10,"f:25:25:25:26":5,"s:26:4:26:Infinity":11,"s:29:24:31:Infinity":12,"f:29:24:29:25":6,"s:30:4:30:Infinity":13,"s:33:39:35:Infinity":14,"f:33:39:33:40":7,"s:34:4:34:Infinity":15,"s:37:27:39:Infinity":16,"f:37:27:37:28":8,"s:38:4:38:Infinity":17,"s:41:27:43:Infinity":18,"f:41:27:41:28":9,"s:42:4:42:Infinity":19,"s:45:26:47:Infinity":20,"f:45:26:45:27":10,"s:46:4:46:Infinity":21,"s:49:27:51:Infinity":22,"f:49:27:49:28":11,"s:50:4:50:Infinity":23,"s:53:25:55:Infinity":24,"f:53:25:53:26":12,"s:54:4:54:Infinity":25,"s:58:27:60:Infinity":26,"f:58:27:58:28":13,"b:58:37:58:39":1,"s:59:4:59:Infinity":27,"s:62:26:64:Infinity":28,"f:62:26:62:27":14,"s:63:4:63:Infinity":29,"s:66:29:68:Infinity":30,"f:66:29:66:30":15,"s:67:4:67:Infinity":31,"s:70:29:72:Infinity":32,"f:70:29:70:30":16,"s:71:4:71:Infinity":33,"s:74:29:76:Infinity":34,"f:74:29:74:30":17,"s:75:4:75:Infinity":35,"s:79:35:81:Infinity":36,"f:79:35:79:36":18,"s:80:4:80:Infinity":37,"s:83:37:85:Infinity":38,"f:83:37:83:38":19,"s:84:4:84:Infinity":39,"s:87:37:89:Infinity":40,"f:87:37:87:38":20,"s:88:4:88:Infinity":41,"s:91:37:93:Infinity":42,"f:91:37:91:38":21,"s:92:4:92:Infinity":43,"s:95:34:97:Infinity":44,"f:95:34:95:35":22,"s:96:4:96:Infinity":45,"s:100:27:102:Infinity":46,"f:100:27:100:28":23,"s:101:4:101:Infinity":47,"s:104:26:106:Infinity":48,"f:104:26:104:27":24,"s:105:4:105:Infinity":49,"s:108:29:110:Infinity":50,"f:108:29:108:30":25,"s:109:4:109:Infinity":51,"s:112:29:114:Infinity":52,"f:112:29:112:30":26,"s:113:4:113:Infinity":53,"s:116:29:118:Infinity":54,"f:116:29:116:30":27,"s:117:4:117:Infinity":55,"s:120:27:122:Infinity":56,"f:120:27:120:28":28,"s:121:4:121:Infinity":57,"s:125:30:127:Infinity":58,"f:125:30:125:31":29,"s:126:4:126:Infinity":59,"s:129:36:131:Infinity":60,"f:129:36:129:37":30,"s:130:4:130:Infinity":61,"s:133:37:135:Infinity":62,"f:133:37:133:38":31,"s:134:4:134:Infinity":63,"s:137:37:139:Infinity":64,"f:137:37:137:38":32,"s:138:4:138:Infinity":65,"s:141:37:143:Infinity":66,"f:141:37:141:38":33,"s:142:4:142:Infinity":67,"s:145:41:147:Infinity":68,"f:145:41:145:42":34,"s:146:4:146:Infinity":69,"s:149:42:151:Infinity":70,"f:149:42:149:43":35,"s:150:4:150:Infinity":71,"s:153:42:155:Infinity":72,"f:153:42:153:43":36,"s:154:4:154:Infinity":73,"s:157:42:159:Infinity":74,"f:157:42:157:43":37,"s:158:4:158:Infinity":75,"s:161:32:163:Infinity":76,"f:161:32:161:33":38,"s:162:4:162:Infinity":77,"s:165:33:167:Infinity":78,"f:165:33:165:34":39,"s:166:4:166:Infinity":79,"s:169:33:171:Infinity":80,"f:169:33:169:34":40,"s:170:4:170:Infinity":81,"s:173:33:175:Infinity":82,"f:173:33:173:34":41,"s:174:4:174:Infinity":83,"s:178:42:180:Infinity":84,"f:178:42:178:43":42,"s:179:4:179:Infinity":85}}}
,"/Users/adlin/Documents/Code/ORIN/orin-frontend/src/api/trace.js": {"path":"/Users/adlin/Documents/Code/ORIN/orin-frontend/src/api/trace.js","statementMap":{"0":{"start":{"line":3,"column":24},"end":{"line":5,"column":1}},"1":{"start":{"line":4,"column":4},"end":{"line":4,"column":null}},"2":{"start":{"line":7,"column":34},"end":{"line":9,"column":1}},"3":{"start":{"line":8,"column":4},"end":{"line":8,"column":null}},"4":{"start":{"line":11,"column":29},"end":{"line":13,"column":1}},"5":{"start":{"line":12,"column":4},"end":{"line":12,"column":null}},"6":{"start":{"line":15,"column":28},"end":{"line":19,"column":1}},"7":{"start":{"line":16,"column":4},"end":{"line":18,"column":null}},"8":{"start":{"line":21,"column":31},"end":{"line":25,"column":1}},"9":{"start":{"line":22,"column":4},"end":{"line":24,"column":null}},"10":{"start":{"line":27,"column":28},"end":{"line":29,"column":1}},"11":{"start":{"line":28,"column":4},"end":{"line":28,"column":null}},"12":{"start":{"line":31,"column":27},"end":{"line":33,"column":1}},"13":{"start":{"line":32,"column":4},"end":{"line":32,"column":null}}},"fnMap":{"0":{"name":"(anonymous_0)","decl":{"start":{"line":3,"column":24},"end":{"line":3,"column":25}},"loc":{"start":{"line":3,"column":37},"end":{"line":5,"column":1}},"line":3},"1":{"name":"(anonymous_1)","decl":{"start":{"line":7,"column":34},"end":{"line":7,"column":35}},"loc":{"start":{"line":7,"column":50},"end":{"line":9,"column":1}},"line":7},"2":{"name":"(anonymous_2)","decl":{"start":{"line":11,"column":29},"end":{"line":11,"column":30}},"loc":{"start":{"line":11,"column":42},"end":{"line":13,"column":1}},"line":11},"3":{"name":"(anonymous_3)","decl":{"start":{"line":15,"column":28},"end":{"line":15,"column":29}},"loc":{"start":{"line":15,"column":54},"end":{"line":19,"column":1}},"line":15},"4":{"name":"(anonymous_4)","decl":{"start":{"line":21,"column":31},"end":{"line":21,"column":32}},"loc":{"start":{"line":21,"column":46},"end":{"line":25,"column":1}},"line":21},"5":{"name":"(anonymous_5)","decl":{"start":{"line":27,"column":28},"end":{"line":27,"column":29}},"loc":{"start":{"line":27,"column":41},"end":{"line":29,"column":1}},"line":27},"6":{"name":"(anonymous_6)","decl":{"start":{"line":31,"column":27},"end":{"line":31,"column":28}},"loc":{"start":{"line":31,"column":40},"end":{"line":33,"column":1}},"line":31}},"branchMap":{"0":{"loc":{"start":{"line":15,"column":38},"end":{"line":15,"column":49}},"type":"default-arg","locations":[{"start":{"line":15,"column":47},"end":{"line":15,"column":49}}],"line":15},"1":{"loc":{"start":{"line":21,"column":32},"end":{"line":21,"column":41}},"type":"default-arg","locations":[{"start":{"line":21,"column":39},"end":{"line":21,"column":41}}],"line":21}},"s":{"0":1,"1":1,"2":1,"3":1,"4":1,"5":1,"6":1,"7":1,"8":1,"9":1,"10":1,"11":1,"12":1,"13":0},"f":{"0":1,"1":1,"2":1,"3":1,"4":1,"5":1,"6":0},"b":{"0":[1],"1":[1]},"meta":{"lastBranch":2,"lastFunction":7,"lastStatement":14,"seen":{"s:3:24:5:1":0,"f:3:24:3:25":0,"s:4:4:4:Infinity":1,"s:7:34:9:1":2,"f:7:34:7:35":1,"s:8:4:8:Infinity":3,"s:11:29:13:1":4,"f:11:29:11:30":2,"s:12:4:12:Infinity":5,"s:15:28:19:1":6,"f:15:28:15:29":3,"b:15:47:15:49":0,"s:16:4:18:Infinity":7,"s:21:31:25:1":8,"f:21:31:21:32":4,"b:21:39:21:41":1,"s:22:4:24:Infinity":9,"s:27:28:29:1":10,"f:27:28:27:29":5,"s:28:4:28:Infinity":11,"s:31:27:33:1":12,"f:31:27:31:28":6,"s:32:4:32:Infinity":13}}}
,"/Users/adlin/Documents/Code/ORIN/orin-frontend/src/components/PageHeader.vue": {"path":"/Users/adlin/Documents/Code/ORIN/orin-frontend/src/components/PageHeader.vue","statementMap":{"0":{"start":{"line":3,"column":9},"end":{"line":3,"column":null}},"1":{"start":{"line":4,"column":11},"end":{"line":4,"column":null}},"2":{"start":{"line":5,"column":13},"end":{"line":5,"column":null}},"3":{"start":{"line":6,"column":15},"end":{"line":6,"column":null}},"4":{"start":{"line":10,"column":16},"end":{"line":10,"column":null}},"5":{"start":{"line":29,"column":13},"end":{"line":29,"column":null}},"6":{"start":{"line":2,"column":2},"end":{"line":34,"column":null}},"7":{"start":{"line":8,"column":47},"end":{"line":8,"column":47}},"8":{"start":{"line":22,"column":21},"end":{"line":21,"column":null}}},"fnMap":{"0":{"name":"(anonymous_0)","decl":{"start":{"line":8,"column":23},"end":{"line":8,"column":39}},"loc":{"start":{"line":8,"column":47},"end":{"line":8,"column":47}},"line":8},"1":{"name":"(anonymous_1)","decl":{"start":{"line":20,"column":14},"end":{"line":20,"column":null}},"loc":{"start":{"line":22,"column":21},"end":{"line":21,"column":null}},"line":22}},"branchMap":{"0":{"loc":{"start":{"line":7,"column":23},"end":{"line":8,"column":47}},"type":"cond-expr","locations":[{"start":{"line":7,"column":12},"end":{"line":8,"column":47}}],"line":7},"1":{"loc":{"start":{"line":14,"column":20},"end":{"line":21,"column":null}},"type":"cond-expr","locations":[{"start":{"line":13,"column":12},"end":{"line":21,"column":null}}],"line":14},"2":{"loc":{"start":{"line":25,"column":19},"end":{"line":26,"column":null}},"type":"cond-expr","locations":[{"start":{"line":25,"column":10},"end":{"line":26,"column":null}}],"line":25},"3":{"loc":{"start":{"line":33,"column":17},"end":{"line":34,"column":null}},"type":"cond-expr","locations":[{"start":{"line":33,"column":6},"end":{"line":34,"column":null}}],"line":33}},"s":{"0":2,"1":2,"2":2,"3":2,"4":2,"5":2,"6":0,"7":0,"8":0},"f":{"0":0,"1":0},"b":{"0":[0],"1":[0],"2":[0],"3":[0]},"meta":{"lastBranch":0,"lastFunction":0,"lastStatement":0,"seen":{}}}
,"/Users/adlin/Documents/Code/ORIN/orin-frontend/src/components/orin/OrinAsyncState.vue": {"path":"/Users/adlin/Documents/Code/ORIN/orin-frontend/src/components/orin/OrinAsyncState.vue","statementMap":{"0":{"start":{"line":2,"column":7},"end":{"line":2,"column":null}},"1":{"start":{"line":2,"column":2},"end":{"line":22,"column":null}},"2":{"start":{"line":8,"column":15},"end":{"line":8,"column":null}},"3":{"start":{"line":19,"column":20},"end":{"line":19,"column":20}},"4":{"start":{"line":17,"column":42},"end":{"line":17,"column":58}},"5":{"start":{"line":19,"column":8},"end":{"line":19,"column":20}}},"fnMap":{"0":{"name":"(anonymous_0)","decl":{"start":{"line":8,"column":13},"end":{"line":8,"column":15}},"loc":{"start":{"line":8,"column":15},"end":{"line":8,"column":null}},"line":8},"1":{"name":"(anonymous_1)","decl":{"start":{"line":17,"column":8},"end":{"line":17,"column":19}},"loc":{"start":{"line":19,"column":20},"end":{"line":19,"column":20}},"line":19},"2":{"name":"(anonymous_2)","decl":{"start":{"line":17,"column":40},"end":{"line":17,"column":42}},"loc":{"start":{"line":17,"column":42},"end":{"line":17,"column":58}},"line":17},"3":{"name":"(anonymous_3)","decl":{"start":{"line":17,"column":58},"end":{"line":17,"column":null}},"loc":{"start":{"line":19,"column":8},"end":{"line":19,"column":20}},"line":19}},"branchMap":{"0":{"loc":{"start":{"line":3,"column":23},"end":{"line":22,"column":null}},"type":"cond-expr","locations":[{"start":{"line":3,"column":4},"end":{"line":3,"column":94}},{"start":{"line":5,"column":17},"end":{"line":22,"column":null}}],"line":3},"1":{"loc":{"start":{"line":3,"column":23},"end":{"line":3,"column":70}},"type":"binary-expr","locations":[{"start":{"line":3,"column":23},"end":{"line":3,"column":47}},{"start":{"line":3,"column":47},"end":{"line":3,"column":70}}],"line":3},"2":{"loc":{"start":{"line":5,"column":17},"end":{"line":22,"column":null}},"type":"cond-expr","locations":[{"start":{"line":4,"column":4},"end":{"line":8,"column":null}},{"start":{"line":11,"column":17},"end":{"line":22,"column":null}}],"line":5},"3":{"loc":{"start":{"line":8,"column":13},"end":{"line":8,"column":null}},"type":"binary-expr","locations":[{"start":{"line":8,"column":13},"end":{"line":8,"column":15}},{"start":{"line":8,"column":13},"end":{"line":8,"column":null}}],"line":8},"4":{"loc":{"start":{"line":11,"column":17},"end":{"line":22,"column":null}},"type":"cond-expr","locations":[{"start":{"line":10,"column":4},"end":{"line":19,"column":20}},{"start":{"line":22,"column":4},"end":{"line":22,"column":null}}],"line":11},"5":{"loc":{"start":{"line":17,"column":40},"end":{"line":17,"column":58}},"type":"binary-expr","locations":[{"start":{"line":17,"column":40},"end":{"line":17,"column":42}},{"start":{"line":17,"column":40},"end":{"line":17,"column":58}}],"line":17},"6":{"loc":{"start":{"line":19,"column":8},"end":{"line":19,"column":20}},"type":"binary-expr","locations":[{"start":{"line":19,"column":8},"end":{"line":19,"column":20}},{"start":{"line":19,"column":8},"end":{"line":19,"column":20}}],"line":19}},"s":{"0":3,"1":0,"2":0,"3":0,"4":0,"5":0},"f":{"0":0,"1":0,"2":0,"3":0},"b":{"0":[0,0],"1":[0,0],"2":[0,0],"3":[0,0],"4":[0,0],"5":[0,0],"6":[0,0]},"meta":{"lastBranch":0,"lastFunction":0,"lastStatement":0,"seen":{}}}
,"/Users/adlin/Documents/Code/ORIN/orin-frontend/src/components/orin/OrinAuditTable.vue": {"path":"/Users/adlin/Documents/Code/ORIN/orin-frontend/src/components/orin/OrinAuditTable.vue","statementMap":{"0":{"start":{"line":69,"column":19},"end":{"line":84,"column":null}},"1":{"start":{"line":70,"column":2},"end":{"line":70,"column":null}},"2":{"start":{"line":70,"column":37},"end":{"line":70,"column":null}},"3":{"start":{"line":71,"column":2},"end":{"line":77,"column":null}},"4":{"start":{"line":72,"column":4},"end":{"line":76,"column":null}},"5":{"start":{"line":73,"column":6},"end":{"line":73,"column":null}},"6":{"start":{"line":75,"column":6},"end":{"line":75,"column":null}},"7":{"start":{"line":78,"column":15},"end":{"line":78,"column":null}},"8":{"start":{"line":79,"column":2},"end":{"line":83,"column":null}},"9":{"start":{"line":80,"column":4},"end":{"line":80,"column":null}},"10":{"start":{"line":82,"column":4},"end":{"line":82,"column":null}},"11":{"start":{"line":10,"column":13},"end":{"line":10,"column":null}},"12":{"start":{"line":11,"column":15},"end":{"line":11,"column":null}},"13":{"start":{"line":21,"column":15},"end":{"line":21,"column":null}},"14":{"start":{"line":25,"column":15},"end":{"line":25,"column":null}},"15":{"start":{"line":29,"column":15},"end":{"line":29,"column":null}},"16":{"start":{"line":2,"column":2},"end":{"line":55,"column":null}},"17":{"start":{"line":35,"column":22},"end":{"line":55,"column":null}},"18":{"start":{"line":9,"column":31},"end":{"line":31,"column":60}},"19":{"start":{"line":41,"column":31},"end":{"line":43,"column":33}},"20":{"start":{"line":43,"column":33},"end":{"line":43,"column":33}}},"fnMap":{"0":{"name":"(anonymous_0)","decl":{"start":{"line":69,"column":19},"end":{"line":69,"column":20}},"loc":{"start":{"line":69,"column":30},"end":{"line":84,"column":null}},"line":69},"1":{"name":"(anonymous_1)","decl":{"start":{"line":8,"column":4},"end":{"line":8,"column":21}},"loc":{"start":{"line":35,"column":22},"end":{"line":55,"column":null}},"line":35},"2":{"name":"(anonymous_2)","decl":{"start":{"line":10,"column":8},"end":{"line":10,"column":13}},"loc":{"start":{"line":9,"column":31},"end":{"line":31,"column":60}},"line":9},"3":{"name":"(anonymous_3)","decl":{"start":{"line":42,"column":8},"end":{"line":42,"column":17}},"loc":{"start":{"line":41,"column":31},"end":{"line":43,"column":33}},"line":41},"4":{"name":"(anonymous_4)","decl":{"start":{"line":43,"column":10},"end":{"line":43,"column":13}},"loc":{"start":{"line":43,"column":33},"end":{"line":43,"column":33}},"line":43}},"branchMap":{"0":{"loc":{"start":{"line":70,"column":2},"end":{"line":70,"column":null}},"type":"if","locations":[{"start":{"line":70,"column":2},"end":{"line":70,"column":null}},{"start":{},"end":{}}],"line":70},"1":{"loc":{"start":{"line":70,"column":6},"end":{"line":70,"column":35}},"type":"binary-expr","locations":[{"start":{"line":70,"column":6},"end":{"line":70,"column":19}},{"start":{"line":70,"column":23},"end":{"line":70,"column":35}}],"line":70},"2":{"loc":{"start":{"line":71,"column":2},"end":{"line":77,"column":null}},"type":"if","locations":[{"start":{"line":71,"column":2},"end":{"line":77,"column":null}},{"start":{},"end":{}}],"line":71},"3":{"loc":{"start":{"line":12,"column":17},"end":{"line":12,"column":37}},"type":"binary-expr","locations":[{"start":{"line":12,"column":17},"end":{"line":12,"column":25}},{"start":{"line":12,"column":17},"end":{"line":12,"column":37}}],"line":12},"4":{"loc":{"start":{"line":12,"column":40},"end":{"line":12,"column":62}},"type":"binary-expr","locations":[{"start":{"line":12,"column":40},"end":{"line":12,"column":46}},{"start":{"line":12,"column":46},"end":{"line":12,"column":62}}],"line":12},"5":{"loc":{"start":{"line":13,"column":17},"end":{"line":13,"column":43}},"type":"binary-expr","locations":[{"start":{"line":13,"column":17},"end":{"line":13,"column":25}},{"start":{"line":13,"column":17},"end":{"line":13,"column":43}}],"line":13},"6":{"loc":{"start":{"line":13,"column":46},"end":{"line":13,"column":78}},"type":"binary-expr","locations":[{"start":{"line":13,"column":46},"end":{"line":13,"column":62}},{"start":{"line":13,"column":62},"end":{"line":13,"column":78}}],"line":13},"7":{"loc":{"start":{"line":14,"column":17},"end":{"line":14,"column":37}},"type":"binary-expr","locations":[{"start":{"line":14,"column":17},"end":{"line":14,"column":25}},{"start":{"line":14,"column":17},"end":{"line":14,"column":37}}],"line":14},"8":{"loc":{"start":{"line":14,"column":40},"end":{"line":14,"column":65}},"type":"binary-expr","locations":[{"start":{"line":14,"column":40},"end":{"line":14,"column":49}},{"start":{"line":14,"column":49},"end":{"line":14,"column":65}}],"line":14},"9":{"loc":{"start":{"line":15,"column":17},"end":{"line":15,"column":37}},"type":"binary-expr","locations":[{"start":{"line":15,"column":17},"end":{"line":15,"column":25}},{"start":{"line":15,"column":17},"end":{"line":15,"column":37}}],"line":15},"10":{"loc":{"start":{"line":15,"column":40},"end":{"line":15,"column":66}},"type":"binary-expr","locations":[{"start":{"line":15,"column":40},"end":{"line":15,"column":50}},{"start":{"line":15,"column":50},"end":{"line":15,"column":66}}],"line":15},"11":{"loc":{"start":{"line":16,"column":17},"end":{"line":16,"column":41}},"type":"binary-expr","locations":[{"start":{"line":16,"column":17},"end":{"line":16,"column":25}},{"start":{"line":16,"column":17},"end":{"line":16,"column":41}}],"line":16},"12":{"loc":{"start":{"line":16,"column":44},"end":{"line":16,"column":76}},"type":"binary-expr","locations":[{"start":{"line":16,"column":44},"end":{"line":16,"column":60}},{"start":{"line":16,"column":60},"end":{"line":16,"column":76}}],"line":16},"13":{"loc":{"start":{"line":17,"column":17},"end":{"line":17,"column":39}},"type":"binary-expr","locations":[{"start":{"line":17,"column":17},"end":{"line":17,"column":25}},{"start":{"line":17,"column":17},"end":{"line":17,"column":39}}],"line":17},"14":{"loc":{"start":{"line":17,"column":42},"end":{"line":17,"column":76}},"type":"binary-expr","locations":[{"start":{"line":17,"column":42},"end":{"line":17,"column":60}},{"start":{"line":17,"column":60},"end":{"line":17,"column":76}}],"line":17},"15":{"loc":{"start":{"line":18,"column":17},"end":{"line":18,"column":40}},"type":"binary-expr","locations":[{"start":{"line":18,"column":17},"end":{"line":18,"column":25}},{"start":{"line":18,"column":17},"end":{"line":18,"column":40}}],"line":18},"16":{"loc":{"start":{"line":18,"column":43},"end":{"line":18,"column":73}},"type":"binary-expr","locations":[{"start":{"line":18,"column":43},"end":{"line":18,"column":57}},{"start":{"line":18,"column":57},"end":{"line":18,"column":73}}],"line":18},"17":{"loc":{"start":{"line":19,"column":17},"end":{"line":19,"column":42}},"type":"binary-expr","locations":[{"start":{"line":19,"column":17},"end":{"line":19,"column":25}},{"start":{"line":19,"column":17},"end":{"line":19,"column":42}}],"line":19},"18":{"loc":{"start":{"line":19,"column":45},"end":{"line":19,"column":73}},"type":"binary-expr","locations":[{"start":{"line":19,"column":45},"end":{"line":19,"column":57}},{"start":{"line":19,"column":57},"end":{"line":19,"column":73}}],"line":19},"19":{"loc":{"start":{"line":22,"column":12},"end":{"line":22,"column":45}},"type":"binary-expr","locations":[{"start":{"line":22,"column":12},"end":{"line":22,"column":17}},{"start":{"line":22,"column":12},"end":{"line":22,"column":45}}],"line":22},"20":{"loc":{"start":{"line":23,"column":20},"end":{"line":23,"column":48}},"type":"binary-expr","locations":[{"start":{"line":23,"column":20},"end":{"line":23,"column":32}},{"start":{"line":23,"column":32},"end":{"line":23,"column":48}}],"line":23},"21":{"loc":{"start":{"line":26,"column":12},"end":{"line":26,"column":51}},"type":"binary-expr","locations":[{"start":{"line":26,"column":12},"end":{"line":26,"column":17}},{"start":{"line":26,"column":12},"end":{"line":26,"column":51}}],"line":26},"22":{"loc":{"start":{"line":30,"column":12},"end":{"line":30,"column":53}},"type":"binary-expr","locations":[{"start":{"line":30,"column":12},"end":{"line":30,"column":17}},{"start":{"line":30,"column":12},"end":{"line":30,"column":53}}],"line":30},"23":{"loc":{"start":{"line":42,"column":23},"end":{"line":42,"column":72}},"type":"cond-expr","locations":[{"start":{"line":42,"column":33},"end":{"line":42,"column":72}},{"start":{"line":42,"column":33},"end":{"line":42,"column":72}}],"line":42},"24":{"loc":{"start":{"line":43,"column":13},"end":{"line":43,"column":33}},"type":"binary-expr","locations":[{"start":{"line":43,"column":13},"end":{"line":43,"column":23}},{"start":{"line":43,"column":23},"end":{"line":43,"column":33}}],"line":43}},"s":{"0":0,"1":0,"2":0,"3":0,"4":0,"5":0,"6":0,"7":0,"8":0,"9":0,"10":0,"11":1,"12":1,"13":1,"14":1,"15":1,"16":0,"17":0,"18":0,"19":0,"20":0},"f":{"0":0,"1":0,"2":0,"3":0,"4":0},"b":{"0":[0,0],"1":[0,0],"2":[0,0],"3":[0,0],"4":[0,0],"5":[0,0],"6":[0,0],"7":[0,0],"8":[0,0],"9":[0,0],"10":[0,0],"11":[0,0],"12":[0,0],"13":[0,0],"14":[0,0],"15":[0,0],"16":[0,0],"17":[0,0],"18":[0,0],"19":[0,0],"20":[0,0],"21":[0,0],"22":[0,0],"23":[0,0],"24":[0,0]},"meta":{"lastBranch":0,"lastFunction":0,"lastStatement":0,"seen":{}}}
,"/Users/adlin/Documents/Code/ORIN/orin-frontend/src/components/orin/OrinDataTable.vue": {"path":"/Users/adlin/Documents/Code/ORIN/orin-frontend/src/components/orin/OrinDataTable.vue","statementMap":{"0":{"start":{"line":2,"column":2},"end":{"line":4,"column":null}},"1":{"start":{"line":6,"column":12},"end":{"line":8,"column":null}},"2":{"start":{"line":4,"column":28},"end":{"line":4,"column":null}}},"fnMap":{"0":{"name":"(anonymous_0)","decl":{"start":{"line":6,"column":4},"end":{"line":6,"column":12}},"loc":{"start":{"line":6,"column":12},"end":{"line":8,"column":null}},"line":6},"1":{"name":"(anonymous_1)","decl":{"start":{"line":4,"column":6},"end":{"line":4,"column":28}},"loc":{"start":{"line":4,"column":28},"end":{"line":4,"column":null}},"line":4}},"branchMap":{"0":{"loc":{"start":{"line":7,"column":18},"end":{"line":8,"column":null}},"type":"cond-expr","locations":[{"start":{"line":7,"column":4},"end":{"line":8,"column":null}}],"line":7}},"s":{"0":9,"1":29,"2":29},"f":{"0":29,"1":29},"b":{"0":[0]},"meta":{"lastBranch":0,"lastFunction":0,"lastStatement":0,"seen":{}}}
,"/Users/adlin/Documents/Code/ORIN/orin-frontend/src/components/orin/OrinDetailPanel.vue": {"path":"/Users/adlin/Documents/Code/ORIN/orin-frontend/src/components/orin/OrinDetailPanel.vue","statementMap":{"0":{"start":{"line":2,"column":9},"end":{"line":2,"column":null}},"1":{"start":{"line":2,"column":2},"end":{"line":14,"column":null}}},"fnMap":{},"branchMap":{"0":{"loc":{"start":{"line":3,"column":18},"end":{"line":11,"column":null}},"type":"cond-expr","locations":[{"start":{"line":3,"column":4},"end":{"line":11,"column":null}}],"line":3},"1":{"loc":{"start":{"line":3,"column":18},"end":{"line":3,"column":41}},"type":"binary-expr","locations":[{"start":{"line":3,"column":18},"end":{"line":3,"column":23}},{"start":{"line":3,"column":27},"end":{"line":3,"column":41}}],"line":3},"2":{"loc":{"start":{"line":5,"column":20},"end":{"line":5,"column":72}},"type":"cond-expr","locations":[{"start":{"line":5,"column":8},"end":{"line":5,"column":72}}],"line":5},"3":{"loc":{"start":{"line":6,"column":18},"end":{"line":7,"column":null}},"type":"cond-expr","locations":[{"start":{"line":6,"column":8},"end":{"line":7,"column":null}}],"line":6},"4":{"loc":{"start":{"line":10,"column":17},"end":{"line":11,"column":null}},"type":"cond-expr","locations":[{"start":{"line":10,"column":6},"end":{"line":11,"column":null}}],"line":10}},"s":{"0":3,"1":31},"f":{},"b":{"0":[31],"1":[31,0],"2":[5],"3":[31],"4":[0]},"meta":{"lastBranch":0,"lastFunction":0,"lastStatement":0,"seen":{}}}
,"/Users/adlin/Documents/Code/ORIN/orin-frontend/src/components/orin/OrinEmptyState.vue": {"path":"/Users/adlin/Documents/Code/ORIN/orin-frontend/src/components/orin/OrinEmptyState.vue","statementMap":{"0":{"start":{"line":2,"column":7},"end":{"line":2,"column":null}},"1":{"start":{"line":2,"column":2},"end":{"line":9,"column":27}},"2":{"start":{"line":5,"column":16},"end":{"line":5,"column":null}},"3":{"start":{"line":10,"column":20},"end":{"line":9,"column":27}},"4":{"start":{"line":8,"column":42},"end":{"line":8,"column":null}},"5":{"start":{"line":9,"column":27},"end":{"line":9,"column":27}}},"fnMap":{"0":{"name":"(anonymous_0)","decl":{"start":{"line":5,"column":8},"end":{"line":5,"column":16}},"loc":{"start":{"line":5,"column":16},"end":{"line":5,"column":null}},"line":5},"1":{"name":"(anonymous_1)","decl":{"start":{"line":8,"column":8},"end":{"line":8,"column":19}},"loc":{"start":{"line":10,"column":20},"end":{"line":9,"column":27}},"line":10},"2":{"name":"(anonymous_2)","decl":{"start":{"line":8,"column":40},"end":{"line":8,"column":42}},"loc":{"start":{"line":8,"column":42},"end":{"line":8,"column":null}},"line":8},"3":{"name":"(anonymous_3)","decl":{"start":{"line":9,"column":10},"end":{"line":9,"column":13}},"loc":{"start":{"line":9,"column":27},"end":{"line":9,"column":27}},"line":9}},"branchMap":{"0":{"loc":{"start":{"line":4,"column":22},"end":{"line":9,"column":27}},"type":"cond-expr","locations":[{"start":{"line":7,"column":27},"end":{"line":9,"column":27}}],"line":4},"1":{"loc":{"start":{"line":8,"column":40},"end":{"line":8,"column":null}},"type":"binary-expr","locations":[{"start":{"line":8,"column":40},"end":{"line":8,"column":42}},{"start":{"line":8,"column":40},"end":{"line":8,"column":null}}],"line":8}},"s":{"0":3,"1":0,"2":0,"3":0,"4":0,"5":0},"f":{"0":0,"1":0,"2":0,"3":0},"b":{"0":[0],"1":[0,0]},"meta":{"lastBranch":0,"lastFunction":0,"lastStatement":0,"seen":{}}}
,"/Users/adlin/Documents/Code/ORIN/orin-frontend/src/components/orin/OrinFilterBar.vue": {"path":"/Users/adlin/Documents/Code/ORIN/orin-frontend/src/components/orin/OrinFilterBar.vue","statementMap":{"0":{"start":{"line":2,"column":7},"end":{"line":2,"column":null}},"1":{"start":{"line":2,"column":2},"end":{"line":3,"column":null}}},"fnMap":{},"branchMap":{},"s":{"0":1,"1":0},"f":{},"b":{},"meta":{"lastBranch":0,"lastFunction":0,"lastStatement":2,"seen":{"s:2:7:2:Infinity":0,"s:2:2:3:Infinity":1}}}
,"/Users/adlin/Documents/Code/ORIN/orin-frontend/src/components/orin/OrinMaturityBadge.vue": {"path":"/Users/adlin/Documents/Code/ORIN/orin-frontend/src/components/orin/OrinMaturityBadge.vue","statementMap":{"0":{"start":{"line":15,"column":14},"end":{"line":15,"column":null}},"1":{"start":{"line":26,"column":14},"end":{"line":35,"column":null}},"2":{"start":{"line":27,"column":2},"end":{"line":34,"column":null}},"3":{"start":{"line":29,"column":6},"end":{"line":29,"column":null}},"4":{"start":{"line":31,"column":6},"end":{"line":31,"column":null}},"5":{"start":{"line":33,"column":6},"end":{"line":33,"column":null}},"6":{"start":{"line":37,"column":12},"end":{"line":37,"column":null}},"7":{"start":{"line":37,"column":28},"end":{"line":37,"column":45}},"8":{"start":{"line":38,"column":12},"end":{"line":38,"column":null}},"9":{"start":{"line":38,"column":28},"end":{"line":38,"column":45}},"10":{"start":{"line":2,"column":2},"end":{"line":8,"column":14}},"11":{"start":{"line":8,"column":14},"end":{"line":8,"column":14}}},"fnMap":{"0":{"name":"(anonymous_0)","decl":{"start":{"line":26,"column":24},"end":{"line":26,"column":25}},"loc":{"start":{"line":26,"column":30},"end":{"line":35,"column":1}},"line":26},"1":{"name":"(anonymous_1)","decl":{"start":{"line":37,"column":22},"end":{"line":37,"column":23}},"loc":{"start":{"line":37,"column":28},"end":{"line":37,"column":45}},"line":37},"2":{"name":"(anonymous_2)","decl":{"start":{"line":38,"column":22},"end":{"line":38,"column":23}},"loc":{"start":{"line":38,"column":28},"end":{"line":38,"column":45}},"line":38},"3":{"name":"(anonymous_3)","decl":{"start":{"line":8,"column":4},"end":{"line":8,"column":7}},"loc":{"start":{"line":8,"column":14},"end":{"line":8,"column":14}},"line":8}},"branchMap":{"0":{"loc":{"start":{"line":27,"column":2},"end":{"line":34,"column":null}},"type":"switch","locations":[{"start":{"line":28,"column":4},"end":{"line":29,"column":null}},{"start":{"line":30,"column":4},"end":{"line":31,"column":null}},{"start":{"line":32,"column":4},"end":{"line":33,"column":null}}],"line":27},"1":{"loc":{"start":{"line":27,"column":11},"end":{"line":27,"column":28}},"type":"binary-expr","locations":[{"start":{"line":27,"column":11},"end":{"line":27,"column":22}},{"start":{"line":27,"column":26},"end":{"line":27,"column":28}}],"line":27}},"s":{"0":0,"1":0,"2":0,"3":0,"4":0,"5":0,"6":0,"7":0,"8":0,"9":0,"10":0,"11":0},"f":{"0":0,"1":0,"2":0,"3":0},"b":{"0":[0,0,0],"1":[0,0]},"meta":{"lastBranch":0,"lastFunction":0,"lastStatement":0,"seen":{}}}
,"/Users/adlin/Documents/Code/ORIN/orin-frontend/src/components/orin/OrinMetricStrip.vue": {"path":"/Users/adlin/Documents/Code/ORIN/orin-frontend/src/components/orin/OrinMetricStrip.vue","statementMap":{"0":{"start":{"line":2,"column":11},"end":{"line":2,"column":null}},"1":{"start":{"line":9,"column":12},"end":{"line":9,"column":36}},"2":{"start":{"line":10,"column":14},"end":{"line":10,"column":38}},"3":{"start":{"line":2,"column":2},"end":{"line":11,"column":75}},"4":{"start":{"line":3,"column":4},"end":{"line":11,"column":75}}},"fnMap":{"0":{"name":"(anonymous_0)","decl":{"start":{"line":4,"column":30},"end":{"line":4,"column":null}},"loc":{"start":{"line":4,"column":19},"end":{"line":11,"column":75}},"line":4}},"branchMap":{"0":{"loc":{"start":{"line":5,"column":12},"end":{"line":5,"column":38}},"type":"binary-expr","locations":[{"start":{"line":5,"column":12},"end":{"line":5,"column":22}},{"start":{"line":5,"column":26},"end":{"line":5,"column":38}}],"line":5},"1":{"loc":{"start":{"line":11,"column":18},"end":{"line":11,"column":75}},"type":"cond-expr","locations":[{"start":{"line":11,"column":6},"end":{"line":11,"column":75}}],"line":11}},"s":{"0":2,"1":2,"2":2,"3":4,"4":16},"f":{"0":16},"b":{"0":[16,16],"1":[16]},"meta":{"lastBranch":2,"lastFunction":1,"lastStatement":5,"seen":{"s:2:11:2:Infinity":0,"s:9:12:9:36":1,"s:10:14:10:38":2,"s:2:2:11:75":3,"f:4:30:4:Infinity":0,"s:3:4:11:75":4,"b:5:12:5:22:5:26:5:38":0,"b:11:6:11:75":1}}}
,"/Users/adlin/Documents/Code/ORIN/orin-frontend/src/components/orin/OrinPageShell.vue": {"path":"/Users/adlin/Documents/Code/ORIN/orin-frontend/src/components/orin/OrinPageShell.vue","statementMap":{"0":{"start":{"line":2,"column":7},"end":{"line":2,"column":null}},"1":{"start":{"line":5,"column":13},"end":{"line":5,"column":null}},"2":{"start":{"line":2,"column":2},"end":{"line":25,"column":null}},"3":{"start":{"line":15,"column":14},"end":{"line":13,"column":24}},"4":{"start":{"line":13,"column":24},"end":{"line":13,"column":24}},"5":{"start":{"line":18,"column":31},"end":{"line":18,"column":null}},"6":{"start":{"line":21,"column":31},"end":{"line":21,"column":null}}},"fnMap":{"0":{"name":"(anonymous_0)","decl":{"start":{"line":5,"column":8},"end":{"line":5,"column":13}},"loc":{"start":{"line":15,"column":14},"end":{"line":13,"column":24}},"line":15},"1":{"name":"(anonymous_1)","decl":{"start":{"line":13,"column":12},"end":{"line":13,"column":15}},"loc":{"start":{"line":13,"column":24},"end":{"line":13,"column":24}},"line":13},"2":{"name":"(anonymous_2)","decl":{"start":{"line":18,"column":8},"end":{"line":18,"column":31}},"loc":{"start":{"line":18,"column":31},"end":{"line":18,"column":null}},"line":18},"3":{"name":"(anonymous_3)","decl":{"start":{"line":21,"column":8},"end":{"line":21,"column":31}},"loc":{"start":{"line":21,"column":31},"end":{"line":21,"column":null}},"line":21}},"branchMap":{"0":{"loc":{"start":{"line":6,"column":35},"end":{"line":6,"column":65}},"type":"cond-expr","locations":[{"start":{"line":6,"column":10},"end":{"line":6,"column":65}}],"line":6},"1":{"loc":{"start":{"line":8,"column":18},"end":{"line":13,"column":24}},"type":"cond-expr","locations":[{"start":{"line":7,"column":10},"end":{"line":13,"column":24}}],"line":8}},"s":{"0":2,"1":2,"2":0,"3":0,"4":0,"5":0,"6":0},"f":{"0":0,"1":0,"2":0,"3":0},"b":{"0":[0],"1":[0]},"meta":{"lastBranch":2,"lastFunction":4,"lastStatement":7,"seen":{"s:2:7:2:Infinity":0,"s:5:13:5:Infinity":1,"s:2:2:25:Infinity":2,"f:5:8:5:13":0,"s:15:14:13:24":3,"b:6:10:6:65":0,"b:7:10:13:24":1,"f:13:12:13:15":1,"s:13:24:13:24":4,"f:18:8:18:31":2,"s:18:31:18:Infinity":5,"f:21:8:21:31":3,"s:21:31:21:Infinity":6}}}
,"/Users/adlin/Documents/Code/ORIN/orin-frontend/src/components/orin/OrinStatusSummary.vue": {"path":"/Users/adlin/Documents/Code/ORIN/orin-frontend/src/components/orin/OrinStatusSummary.vue","statementMap":{"0":{"start":{"line":2,"column":11},"end":{"line":2,"column":null}},"1":{"start":{"line":9,"column":11},"end":{"line":9,"column":null}},"2":{"start":{"line":10,"column":14},"end":{"line":10,"column":39}},"3":{"start":{"line":11,"column":16},"end":{"line":11,"column":41}},"4":{"start":{"line":2,"column":2},"end":{"line":14,"column":null}},"5":{"start":{"line":3,"column":4},"end":{"line":14,"column":null}}},"fnMap":{"0":{"name":"(anonymous_0)","decl":{"start":{"line":4,"column":26},"end":{"line":4,"column":null}},"loc":{"start":{"line":4,"column":17},"end":{"line":14,"column":null}},"line":4}},"branchMap":{"0":{"loc":{"start":{"line":5,"column":12},"end":{"line":5,"column":34}},"type":"binary-expr","locations":[{"start":{"line":5,"column":12},"end":{"line":5,"column":20}},{"start":{"line":5,"column":24},"end":{"line":5,"column":34}}],"line":5},"1":{"loc":{"start":{"line":7,"column":14},"end":{"line":7,"column":null}},"type":"cond-expr","locations":[{"start":{"line":7,"column":25},"end":{"line":7,"column":null}},{"start":{"line":7,"column":49},"end":{"line":7,"column":null}}],"line":7},"2":{"loc":{"start":{"line":13,"column":15},"end":{"line":14,"column":null}},"type":"cond-expr","locations":[{"start":{"line":13,"column":6},"end":{"line":14,"column":null}}],"line":13}},"s":{"0":2,"1":2,"2":2,"3":2,"4":13,"5":52},"f":{"0":52},"b":{"0":[52,52],"1":[13,39],"2":[52]},"meta":{"lastBranch":3,"lastFunction":1,"lastStatement":6,"seen":{"s:2:11:2:Infinity":0,"s:9:11:9:Infinity":1,"s:10:14:10:39":2,"s:11:16:11:41":3,"s:2:2:14:Infinity":4,"f:4:26:4:Infinity":0,"s:3:4:14:Infinity":5,"b:5:12:5:20:5:24:5:34":0,"b:7:25:7:Infinity:7:49:7:Infinity":1,"b:13:6:14:Infinity":2}}}
,"/Users/adlin/Documents/Code/ORIN/orin-frontend/src/components/orin/OrinTaskTimeline.vue": {"path":"/Users/adlin/Documents/Code/ORIN/orin-frontend/src/components/orin/OrinTaskTimeline.vue","statementMap":{"0":{"start":{"line":34,"column":22},"end":{"line":40,"column":null}},"1":{"start":{"line":35,"column":15},"end":{"line":35,"column":null}},"2":{"start":{"line":36,"column":2},"end":{"line":36,"column":null}},"3":{"start":{"line":36,"column":55},"end":{"line":36,"column":null}},"4":{"start":{"line":37,"column":2},"end":{"line":37,"column":null}},"5":{"start":{"line":37,"column":29},"end":{"line":37,"column":null}},"6":{"start":{"line":38,"column":2},"end":{"line":38,"column":null}},"7":{"start":{"line":38,"column":87},"end":{"line":38,"column":null}},"8":{"start":{"line":39,"column":2},"end":{"line":39,"column":null}},"9":{"start":{"line":42,"column":19},"end":{"line":45,"column":null}},"10":{"start":{"line":43,"column":2},"end":{"line":43,"column":null}},"11":{"start":{"line":43,"column":13},"end":{"line":43,"column":null}},"12":{"start":{"line":44,"column":2},"end":{"line":44,"column":null}},"13":{"start":{"line":2,"column":7},"end":{"line":2,"column":null}},"14":{"start":{"line":10,"column":13},"end":{"line":10,"column":null}},"15":{"start":{"line":13,"column":13},"end":{"line":13,"column":null}},"16":{"start":{"line":16,"column":13},"end":{"line":16,"column":null}},"17":{"start":{"line":2,"column":2},"end":{"line":17,"column":null}},"18":{"start":{"line":5,"column":29},"end":{"line":17,"column":null}},"19":{"start":{"line":4,"column":6},"end":{"line":17,"column":null}},"20":{"start":{"line":12,"column":14},"end":{"line":17,"column":null}}},"fnMap":{"0":{"name":"(anonymous_0)","decl":{"start":{"line":34,"column":22},"end":{"line":34,"column":23}},"loc":{"start":{"line":34,"column":34},"end":{"line":40,"column":null}},"line":34},"1":{"name":"(anonymous_1)","decl":{"start":{"line":42,"column":19},"end":{"line":42,"column":20}},"loc":{"start":{"line":42,"column":29},"end":{"line":45,"column":null}},"line":42},"2":{"name":"(anonymous_2)","decl":{"start":{"line":5,"column":8},"end":{"line":5,"column":15}},"loc":{"start":{"line":5,"column":29},"end":{"line":17,"column":null}},"line":5},"3":{"name":"(anonymous_3)","decl":{"start":{"line":5,"column":28},"end":{"line":5,"column":29}},"loc":{"start":{"line":5,"column":19},"end":{"line":17,"column":null}},"line":5},"4":{"name":"(anonymous_4)","decl":{"start":{"line":10,"column":8},"end":{"line":10,"column":13}},"loc":{"start":{"line":12,"column":14},"end":{"line":17,"column":null}},"line":12}},"branchMap":{"0":{"loc":{"start":{"line":35,"column":22},"end":{"line":35,"column":34}},"type":"binary-expr","locations":[{"start":{"line":35,"column":22},"end":{"line":35,"column":28}},{"start":{"line":35,"column":32},"end":{"line":35,"column":34}}],"line":35},"1":{"loc":{"start":{"line":36,"column":2},"end":{"line":36,"column":null}},"type":"if","locations":[{"start":{"line":36,"column":2},"end":{"line":36,"column":null}},{"start":{},"end":{}}],"line":36},"2":{"loc":{"start":{"line":36,"column":6},"end":{"line":36,"column":53}},"type":"binary-expr","locations":[{"start":{"line":36,"column":6},"end":{"line":36,"column":28}},{"start":{"line":36,"column":32},"end":{"line":36,"column":53}}],"line":36},"3":{"loc":{"start":{"line":37,"column":2},"end":{"line":37,"column":null}},"type":"if","locations":[{"start":{"line":37,"column":2},"end":{"line":37,"column":null}},{"start":{},"end":{}}],"line":37},"4":{"loc":{"start":{"line":38,"column":2},"end":{"line":38,"column":null}},"type":"if","locations":[{"start":{"line":38,"column":2},"end":{"line":38,"column":null}},{"start":{},"end":{}}],"line":38},"5":{"loc":{"start":{"line":38,"column":6},"end":{"line":38,"column":85}},"type":"binary-expr","locations":[{"start":{"line":38,"column":6},"end":{"line":38,"column":30}},{"start":{"line":38,"column":34},"end":{"line":38,"column":55}},{"start":{"line":38,"column":59},"end":{"line":38,"column":85}}],"line":38},"6":{"loc":{"start":{"line":43,"column":2},"end":{"line":43,"column":null}},"type":"if","locations":[{"start":{"line":43,"column":2},"end":{"line":43,"column":null}},{"start":{},"end":{}}],"line":43}},"s":{"0":0,"1":0,"2":0,"3":0,"4":0,"5":0,"6":0,"7":0,"8":0,"9":0,"10":0,"11":0,"12":0,"13":1,"14":1,"15":1,"16":1,"17":0,"18":0,"19":0,"20":0},"f":{"0":0,"1":0,"2":0,"3":0,"4":0},"b":{"0":[0,0],"1":[0,0],"2":[0,0],"3":[0,0],"4":[0,0],"5":[0,0,0],"6":[0,0]},"meta":{"lastBranch":0,"lastFunction":0,"lastStatement":0,"seen":{}}}
,"/Users/adlin/Documents/Code/ORIN/orin-frontend/src/constants/uiText.js": {"path":"/Users/adlin/Documents/Code/ORIN/orin-frontend/src/constants/uiText.js","statementMap":{"0":{"start":{"line":1,"column":23},"end":{"line":26,"column":null}}},"fnMap":{},"branchMap":{},"s":{"0":1},"f":{},"b":{},"meta":{"lastBranch":0,"lastFunction":0,"lastStatement":1,"seen":{"s:1:23:26:Infinity":0}}}
,"/Users/adlin/Documents/Code/ORIN/orin-frontend/src/router/routes.js": {"path":"/Users/adlin/Documents/Code/ORIN/orin-frontend/src/router/routes.js","statementMap":{"0":{"start":{"line":13,"column":20},"end":{"line":40,"column":null}},"1":{"start":{"line":42,"column":24},"end":{"line":58,"column":null}},"2":{"start":{"line":60,"column":22},"end":{"line":83,"column":null}},"3":{"start":{"line":85,"column":21},"end":{"line":114,"column":null}},"4":{"start":{"line":116,"column":22},"end":{"line":131,"column":null}},"5":{"start":{"line":133,"column":18},"end":{"line":136,"column":null}},"6":{"start":{"line":138,"column":22},"end":{"line":158,"column":null}},"7":{"start":{"line":161,"column":35},"end":{"line":296,"column":null}},"8":{"start":{"line":299,"column":20},"end":{"line":299,"column":null}},"9":{"start":{"line":300,"column":4},"end":{"line":307,"column":null}},"10":{"start":{"line":301,"column":8},"end":{"line":303,"column":null}},"11":{"start":{"line":302,"column":12},"end":{"line":302,"column":null}},"12":{"start":{"line":304,"column":8},"end":{"line":306,"column":null}},"13":{"start":{"line":305,"column":12},"end":{"line":305,"column":null}},"14":{"start":{"line":308,"column":4},"end":{"line":308,"column":null}},"15":{"start":{"line":312,"column":38},"end":{"line":312,"column":null}},"16":{"start":{"line":316,"column":35},"end":{"line":517,"column":null}},"17":{"start":{"line":526,"column":24},"end":{"line":526,"column":null}},"18":{"start":{"line":529,"column":4},"end":{"line":567,"column":null}},"19":{"start":{"line":531,"column":25},"end":{"line":540,"column":null}},"20":{"start":{"line":534,"column":16},"end":{"line":534,"column":null}},"21":{"start":{"line":534,"column":63},"end":{"line":534,"column":null}},"22":{"start":{"line":536,"column":16},"end":{"line":538,"column":null}},"23":{"start":{"line":537,"column":20},"end":{"line":537,"column":null}},"24":{"start":{"line":537,"column":61},"end":{"line":537,"column":93}},"25":{"start":{"line":539,"column":16},"end":{"line":539,"column":null}},"26":{"start":{"line":542,"column":8},"end":{"line":566,"column":null}},"27":{"start":{"line":543,"column":12},"end":{"line":543,"column":null}},"28":{"start":{"line":546,"column":26},"end":{"line":552,"column":null}},"29":{"start":{"line":547,"column":16},"end":{"line":547,"column":null}},"30":{"start":{"line":547,"column":55},"end":{"line":547,"column":null}},"31":{"start":{"line":548,"column":16},"end":{"line":550,"column":null}},"32":{"start":{"line":549,"column":20},"end":{"line":549,"column":null}},"33":{"start":{"line":549,"column":57},"end":{"line":549,"column":89}},"34":{"start":{"line":551,"column":16},"end":{"line":551,"column":null}},"35":{"start":{"line":554,"column":12},"end":{"line":564,"column":null}},"36":{"start":{"line":555,"column":16},"end":{"line":555,"column":null}},"37":{"start":{"line":558,"column":16},"end":{"line":563,"column":null}},"38":{"start":{"line":559,"column":39},"end":{"line":559,"column":null}},"39":{"start":{"line":559,"column":65},"end":{"line":559,"column":89}},"40":{"start":{"line":560,"column":20},"end":{"line":562,"column":null}},"41":{"start":{"line":561,"column":24},"end":{"line":561,"column":null}},"42":{"start":{"line":565,"column":12},"end":{"line":565,"column":null}},"43":{"start":{"line":569,"column":4},"end":{"line":569,"column":null}}},"fnMap":{"0":{"name":"buildLegacyRedirects","decl":{"start":{"line":298,"column":9},"end":{"line":298,"column":29}},"loc":{"start":{"line":298,"column":38},"end":{"line":309,"column":null}},"line":298},"1":{"name":"generateBreadcrumbs","decl":{"start":{"line":525,"column":16},"end":{"line":525,"column":35}},"loc":{"start":{"line":525,"column":42},"end":{"line":570,"column":null}},"line":525},"2":{"name":"(anonymous_2)","decl":{"start":{"line":532,"column":32},"end":{"line":532,"column":37}},"loc":{"start":{"line":532,"column":41},"end":{"line":540,"column":13}},"line":532},"3":{"name":"(anonymous_3)","decl":{"start":{"line":537,"column":47},"end":{"line":537,"column":57}},"loc":{"start":{"line":537,"column":61},"end":{"line":537,"column":93}},"line":537},"4":{"name":"(anonymous_4)","decl":{"start":{"line":546,"column":46},"end":{"line":546,"column":47}},"loc":{"start":{"line":546,"column":51},"end":{"line":552,"column":13}},"line":546},"5":{"name":"(anonymous_5)","decl":{"start":{"line":549,"column":43},"end":{"line":549,"column":53}},"loc":{"start":{"line":549,"column":57},"end":{"line":549,"column":89}},"line":549},"6":{"name":"(anonymous_6)","decl":{"start":{"line":559,"column":59},"end":{"line":559,"column":61}},"loc":{"start":{"line":559,"column":65},"end":{"line":559,"column":89}},"line":559}},"branchMap":{"0":{"loc":{"start":{"line":301,"column":8},"end":{"line":303,"column":null}},"type":"if","locations":[{"start":{"line":301,"column":8},"end":{"line":303,"column":null}},{"start":{},"end":{}}],"line":301},"1":{"loc":{"start":{"line":301,"column":12},"end":{"line":301,"column":39}},"type":"binary-expr","locations":[{"start":{"line":301,"column":12},"end":{"line":301,"column":17}},{"start":{"line":301,"column":21},"end":{"line":301,"column":24}},{"start":{"line":301,"column":28},"end":{"line":301,"column":39}}],"line":301},"2":{"loc":{"start":{"line":304,"column":8},"end":{"line":306,"column":null}},"type":"if","locations":[{"start":{"line":304,"column":8},"end":{"line":306,"column":null}},{"start":{},"end":{}}],"line":304},"3":{"loc":{"start":{"line":531,"column":25},"end":{"line":540,"column":null}},"type":"binary-expr","locations":[{"start":{"line":531,"column":25},"end":{"line":531,"column":89}},{"start":{"line":532,"column":12},"end":{"line":540,"column":null}}],"line":531},"4":{"loc":{"start":{"line":534,"column":16},"end":{"line":534,"column":null}},"type":"if","locations":[{"start":{"line":534,"column":16},"end":{"line":534,"column":null}},{"start":{},"end":{}}],"line":534},"5":{"loc":{"start":{"line":534,"column":20},"end":{"line":534,"column":61}},"type":"binary-expr","locations":[{"start":{"line":534,"column":20},"end":{"line":534,"column":30}},{"start":{"line":534,"column":34},"end":{"line":534,"column":61}}],"line":534},"6":{"loc":{"start":{"line":536,"column":16},"end":{"line":538,"column":null}},"type":"if","locations":[{"start":{"line":536,"column":16},"end":{"line":538,"column":null}},{"start":{},"end":{}}],"line":536},"7":{"loc":{"start":{"line":542,"column":8},"end":{"line":566,"column":null}},"type":"if","locations":[{"start":{"line":542,"column":8},"end":{"line":566,"column":null}},{"start":{},"end":{}}],"line":542},"8":{"loc":{"start":{"line":547,"column":16},"end":{"line":547,"column":null}},"type":"if","locations":[{"start":{"line":547,"column":16},"end":{"line":547,"column":null}},{"start":{},"end":{}}],"line":547},"9":{"loc":{"start":{"line":547,"column":20},"end":{"line":547,"column":53}},"type":"binary-expr","locations":[{"start":{"line":547,"column":20},"end":{"line":547,"column":26}},{"start":{"line":547,"column":30},"end":{"line":547,"column":53}}],"line":547},"10":{"loc":{"start":{"line":548,"column":16},"end":{"line":550,"column":null}},"type":"if","locations":[{"start":{"line":548,"column":16},"end":{"line":550,"column":null}},{"start":{},"end":{}}],"line":548},"11":{"loc":{"start":{"line":554,"column":12},"end":{"line":564,"column":null}},"type":"if","locations":[{"start":{"line":554,"column":12},"end":{"line":564,"column":null}},{"start":{},"end":{}}],"line":554},"12":{"loc":{"start":{"line":555,"column":61},"end":{"line":555,"column":84}},"type":"binary-expr","locations":[{"start":{"line":555,"column":61},"end":{"line":555,"column":71}},{"start":{"line":555,"column":75},"end":{"line":555,"column":84}}],"line":555},"13":{"loc":{"start":{"line":558,"column":16},"end":{"line":563,"column":null}},"type":"if","locations":[{"start":{"line":558,"column":16},"end":{"line":563,"column":null}},{"start":{},"end":{}}],"line":558},"14":{"loc":{"start":{"line":560,"column":20},"end":{"line":562,"column":null}},"type":"if","locations":[{"start":{"line":560,"column":20},"end":{"line":562,"column":null}},{"start":{},"end":{}}],"line":560}},"s":{"0":3,"1":3,"2":3,"3":3,"4":3,"5":3,"6":3,"7":3,"8":3,"9":3,"10":345,"11":81,"12":264,"13":264,"14":3,"15":3,"16":3,"17":0,"18":0,"19":0,"20":0,"21":0,"22":0,"23":0,"24":0,"25":0,"26":0,"27":0,"28":0,"29":0,"30":0,"31":0,"32":0,"33":0,"34":0,"35":0,"36":0,"37":0,"38":0,"39":0,"40":0,"41":0,"42":0,"43":0},"f":{"0":3,"1":0,"2":0,"3":0,"4":0,"5":0,"6":0},"b":{"0":[81,264],"1":[345,345,345],"2":[264,0],"3":[0,0],"4":[0,0],"5":[0,0],"6":[0,0],"7":[0,0],"8":[0,0],"9":[0,0],"10":[0,0],"11":[0,0],"12":[0,0],"13":[0,0],"14":[0,0]},"meta":{"lastBranch":15,"lastFunction":7,"lastStatement":44,"seen":{"s:13:20:40:Infinity":0,"s:42:24:58:Infinity":1,"s:60:22:83:Infinity":2,"s:85:21:114:Infinity":3,"s:116:22:131:Infinity":4,"s:133:18:136:Infinity":5,"s:138:22:158:Infinity":6,"s:161:35:296:Infinity":7,"f:298:9:298:29":0,"s:299:20:299:Infinity":8,"s:300:4:307:Infinity":9,"b:301:8:303:Infinity:undefined:undefined:undefined:undefined":0,"s:301:8:303:Infinity":10,"b:301:12:301:17:301:21:301:24:301:28:301:39":1,"s:302:12:302:Infinity":11,"b:304:8:306:Infinity:undefined:undefined:undefined:undefined":2,"s:304:8:306:Infinity":12,"s:305:12:305:Infinity":13,"s:308:4:308:Infinity":14,"s:312:38:312:Infinity":15,"s:316:35:517:Infinity":16,"f:525:16:525:35":1,"s:526:24:526:Infinity":17,"s:529:4:567:Infinity":18,"s:531:25:540:Infinity":19,"b:531:25:531:89:532:12:540:Infinity":3,"f:532:32:532:37":2,"b:534:16:534:Infinity:undefined:undefined:undefined:undefined":4,"s:534:16:534:Infinity":20,"b:534:20:534:30:534:34:534:61":5,"s:534:63:534:Infinity":21,"b:536:16:538:Infinity:undefined:undefined:undefined:undefined":6,"s:536:16:538:Infinity":22,"s:537:20:537:Infinity":23,"f:537:47:537:57":3,"s:537:61:537:93":24,"s:539:16:539:Infinity":25,"b:542:8:566:Infinity:undefined:undefined:undefined:undefined":7,"s:542:8:566:Infinity":26,"s:543:12:543:Infinity":27,"s:546:26:552:Infinity":28,"f:546:46:546:47":4,"b:547:16:547:Infinity:undefined:undefined:undefined:undefined":8,"s:547:16:547:Infinity":29,"b:547:20:547:26:547:30:547:53":9,"s:547:55:547:Infinity":30,"b:548:16:550:Infinity:undefined:undefined:undefined:undefined":10,"s:548:16:550:Infinity":31,"s:549:20:549:Infinity":32,"f:549:43:549:53":5,"s:549:57:549:89":33,"s:551:16:551:Infinity":34,"b:554:12:564:Infinity:undefined:undefined:undefined:undefined":11,"s:554:12:564:Infinity":35,"s:555:16:555:Infinity":36,"b:555:61:555:71:555:75:555:84":12,"b:558:16:563:Infinity:undefined:undefined:undefined:undefined":13,"s:558:16:563:Infinity":37,"s:559:39:559:Infinity":38,"f:559:59:559:61":6,"s:559:65:559:89":39,"b:560:20:562:Infinity:undefined:undefined:undefined:undefined":14,"s:560:20:562:Infinity":40,"s:561:24:561:Infinity":41,"s:565:12:565:Infinity":42,"s:569:4:569:Infinity":43}}}
,"/Users/adlin/Documents/Code/ORIN/orin-frontend/src/router/topMenuConfig.js": {"path":"/Users/adlin/Documents/Code/ORIN/orin-frontend/src/router/topMenuConfig.js","statementMap":{"0":{"start":{"line":3,"column":32},"end":{"line":3,"column":null}},"1":{"start":{"line":4,"column":35},"end":{"line":4,"column":null}},"2":{"start":{"line":5,"column":31},"end":{"line":5,"column":null}},"3":{"start":{"line":6,"column":41},"end":{"line":6,"column":null}},"4":{"start":{"line":7,"column":38},"end":{"line":7,"column":null}},"5":{"start":{"line":8,"column":45},"end":{"line":8,"column":null}},"6":{"start":{"line":9,"column":56},"end":{"line":9,"column":null}},"7":{"start":{"line":12,"column":2},"end":{"line":12,"column":null}},"8":{"start":{"line":12,"column":36},"end":{"line":12,"column":60}},"9":{"start":{"line":16,"column":2},"end":{"line":16,"column":null}},"10":{"start":{"line":20,"column":2},"end":{"line":20,"column":null}},"11":{"start":{"line":24,"column":2},"end":{"line":24,"column":null}},"12":{"start":{"line":28,"column":2},"end":{"line":28,"column":null}},"13":{"start":{"line":32,"column":2},"end":{"line":34,"column":null}},"14":{"start":{"line":33,"column":4},"end":{"line":33,"column":null}},"15":{"start":{"line":36,"column":2},"end":{"line":38,"column":null}},"16":{"start":{"line":37,"column":4},"end":{"line":37,"column":null}},"17":{"start":{"line":40,"column":2},"end":{"line":40,"column":null}},"18":{"start":{"line":48,"column":31},"end":{"line":135,"column":null}},"19":{"start":{"line":143,"column":20},"end":{"line":143,"column":null}},"20":{"start":{"line":144,"column":25},"end":{"line":144,"column":null}},"21":{"start":{"line":145,"column":24},"end":{"line":145,"column":null}},"22":{"start":{"line":146,"column":23},"end":{"line":146,"column":null}},"23":{"start":{"line":148,"column":2},"end":{"line":159,"column":null}},"24":{"start":{"line":149,"column":4},"end":{"line":158,"column":null}},"25":{"start":{"line":151,"column":8},"end":{"line":151,"column":null}},"26":{"start":{"line":153,"column":8},"end":{"line":153,"column":null}},"27":{"start":{"line":155,"column":8},"end":{"line":155,"column":null}},"28":{"start":{"line":157,"column":8},"end":{"line":157,"column":null}},"29":{"start":{"line":168,"column":2},"end":{"line":168,"column":null}},"30":{"start":{"line":168,"column":20},"end":{"line":168,"column":null}},"31":{"start":{"line":170,"column":23},"end":{"line":170,"column":null}},"32":{"start":{"line":171,"column":25},"end":{"line":171,"column":null}},"33":{"start":{"line":172,"column":22},"end":{"line":172,"column":null}},"34":{"start":{"line":173,"column":24},"end":{"line":173,"column":null}},"35":{"start":{"line":175,"column":2},"end":{"line":189,"column":null}},"36":{"start":{"line":176,"column":4},"end":{"line":179,"column":null}},"37":{"start":{"line":177,"column":6},"end":{"line":177,"column":null}},"38":{"start":{"line":178,"column":6},"end":{"line":178,"column":null}},"39":{"start":{"line":181,"column":4},"end":{"line":188,"column":null}},"40":{"start":{"line":182,"column":6},"end":{"line":187,"column":null}},"41":{"start":{"line":183,"column":8},"end":{"line":186,"column":null}},"42":{"start":{"line":184,"column":10},"end":{"line":184,"column":null}},"43":{"start":{"line":185,"column":10},"end":{"line":185,"column":null}},"44":{"start":{"line":191,"column":2},"end":{"line":191,"column":null}}},"fnMap":{"0":{"name":"hasAnyRole","decl":{"start":{"line":11,"column":9},"end":{"line":11,"column":19}},"loc":{"start":{"line":11,"column":54},"end":{"line":13,"column":null}},"line":11},"1":{"name":"(anonymous_1)","decl":{"start":{"line":12,"column":26},"end":{"line":12,"column":27}},"loc":{"start":{"line":12,"column":36},"end":{"line":12,"column":60}},"line":12},"2":{"name":"isAdminLike","decl":{"start":{"line":15,"column":9},"end":{"line":15,"column":20}},"loc":{"start":{"line":15,"column":37},"end":{"line":17,"column":null}},"line":15},"3":{"name":"isSuperAdminLike","decl":{"start":{"line":19,"column":9},"end":{"line":19,"column":25}},"loc":{"start":{"line":19,"column":42},"end":{"line":21,"column":null}},"line":19},"4":{"name":"isPlatformAdmin","decl":{"start":{"line":23,"column":9},"end":{"line":23,"column":24}},"loc":{"start":{"line":23,"column":41},"end":{"line":25,"column":null}},"line":23},"5":{"name":"isOperatorLike","decl":{"start":{"line":27,"column":9},"end":{"line":27,"column":23}},"loc":{"start":{"line":27,"column":40},"end":{"line":29,"column":null}},"line":27},"6":{"name":"getDefaultHomeByRoles","decl":{"start":{"line":31,"column":16},"end":{"line":31,"column":37}},"loc":{"start":{"line":31,"column":54},"end":{"line":41,"column":null}},"line":31},"7":{"name":"getVisibleMenus","decl":{"start":{"line":142,"column":16},"end":{"line":142,"column":31}},"loc":{"start":{"line":142,"column":48},"end":{"line":160,"column":null}},"line":142},"8":{"name":"(anonymous_8)","decl":{"start":{"line":148,"column":32},"end":{"line":148,"column":33}},"loc":{"start":{"line":148,"column":42},"end":{"line":159,"column":3}},"line":148},"9":{"name":"getActiveMenuId","decl":{"start":{"line":167,"column":16},"end":{"line":167,"column":31}},"loc":{"start":{"line":167,"column":45},"end":{"line":192,"column":null}},"line":167}},"branchMap":{"0":{"loc":{"start":{"line":11,"column":20},"end":{"line":11,"column":34}},"type":"default-arg","locations":[{"start":{"line":11,"column":32},"end":{"line":11,"column":34}}],"line":11},"1":{"loc":{"start":{"line":11,"column":36},"end":{"line":11,"column":52}},"type":"default-arg","locations":[{"start":{"line":11,"column":50},"end":{"line":11,"column":52}}],"line":11},"2":{"loc":{"start":{"line":15,"column":21},"end":{"line":15,"column":35}},"type":"default-arg","locations":[{"start":{"line":15,"column":33},"end":{"line":15,"column":35}}],"line":15},"3":{"loc":{"start":{"line":19,"column":26},"end":{"line":19,"column":40}},"type":"default-arg","locations":[{"start":{"line":19,"column":38},"end":{"line":19,"column":40}}],"line":19},"4":{"loc":{"start":{"line":23,"column":25},"end":{"line":23,"column":39}},"type":"default-arg","locations":[{"start":{"line":23,"column":37},"end":{"line":23,"column":39}}],"line":23},"5":{"loc":{"start":{"line":27,"column":24},"end":{"line":27,"column":38}},"type":"default-arg","locations":[{"start":{"line":27,"column":36},"end":{"line":27,"column":38}}],"line":27},"6":{"loc":{"start":{"line":31,"column":38},"end":{"line":31,"column":52}},"type":"default-arg","locations":[{"start":{"line":31,"column":50},"end":{"line":31,"column":52}}],"line":31},"7":{"loc":{"start":{"line":32,"column":2},"end":{"line":34,"column":null}},"type":"if","locations":[{"start":{"line":32,"column":2},"end":{"line":34,"column":null}},{"start":{},"end":{}}],"line":32},"8":{"loc":{"start":{"line":36,"column":2},"end":{"line":38,"column":null}},"type":"if","locations":[{"start":{"line":36,"column":2},"end":{"line":38,"column":null}},{"start":{},"end":{}}],"line":36},"9":{"loc":{"start":{"line":142,"column":32},"end":{"line":142,"column":46}},"type":"default-arg","locations":[{"start":{"line":142,"column":44},"end":{"line":142,"column":46}}],"line":142},"10":{"loc":{"start":{"line":149,"column":4},"end":{"line":158,"column":null}},"type":"switch","locations":[{"start":{"line":150,"column":6},"end":{"line":151,"column":null}},{"start":{"line":152,"column":6},"end":{"line":153,"column":null}},{"start":{"line":154,"column":6},"end":{"line":155,"column":null}},{"start":{"line":156,"column":6},"end":{"line":157,"column":null}}],"line":149},"11":{"loc":{"start":{"line":151,"column":15},"end":{"line":151,"column":null}},"type":"binary-expr","locations":[{"start":{"line":151,"column":15},"end":{"line":151,"column":29}},{"start":{"line":151,"column":33},"end":{"line":151,"column":46}},{"start":{"line":151,"column":51},"end":{"line":151,"column":63}},{"start":{"line":151,"column":67},"end":{"line":151,"column":96}}],"line":151},"12":{"loc":{"start":{"line":153,"column":15},"end":{"line":153,"column":null}},"type":"binary-expr","locations":[{"start":{"line":153,"column":15},"end":{"line":153,"column":29}},{"start":{"line":153,"column":34},"end":{"line":153,"column":47}},{"start":{"line":153,"column":51},"end":{"line":153,"column":91}}],"line":153},"13":{"loc":{"start":{"line":168,"column":2},"end":{"line":168,"column":null}},"type":"if","locations":[{"start":{"line":168,"column":2},"end":{"line":168,"column":null}},{"start":{},"end":{}}],"line":168},"14":{"loc":{"start":{"line":176,"column":4},"end":{"line":179,"column":null}},"type":"if","locations":[{"start":{"line":176,"column":4},"end":{"line":179,"column":null}},{"start":{},"end":{}}],"line":176},"15":{"loc":{"start":{"line":176,"column":8},"end":{"line":176,"column":92}},"type":"binary-expr","locations":[{"start":{"line":176,"column":8},"end":{"line":176,"column":17}},{"start":{"line":176,"column":21},"end":{"line":176,"column":54}},{"start":{"line":176,"column":58},"end":{"line":176,"column":92}}],"line":176},"16":{"loc":{"start":{"line":181,"column":4},"end":{"line":188,"column":null}},"type":"if","locations":[{"start":{"line":181,"column":4},"end":{"line":188,"column":null}},{"start":{},"end":{}}],"line":181},"17":{"loc":{"start":{"line":183,"column":8},"end":{"line":186,"column":null}},"type":"if","locations":[{"start":{"line":183,"column":8},"end":{"line":186,"column":null}},{"start":{},"end":{}}],"line":183},"18":{"loc":{"start":{"line":183,"column":12},"end":{"line":183,"column":100}},"type":"binary-expr","locations":[{"start":{"line":183,"column":12},"end":{"line":183,"column":22}},{"start":{"line":183,"column":26},"end":{"line":183,"column":60}},{"start":{"line":183,"column":64},"end":{"line":183,"column":100}}],"line":183},"19":{"loc":{"start":{"line":191,"column":9},"end":{"line":191,"column":null}},"type":"binary-expr","locations":[{"start":{"line":191,"column":9},"end":{"line":191,"column":23}},{"start":{"line":191,"column":27},"end":{"line":191,"column":null}}],"line":191}},"s":{"0":1,"1":1,"2":1,"3":1,"4":1,"5":1,"6":1,"7":24,"8":34,"9":6,"10":6,"11":6,"12":6,"13":0,"14":0,"15":0,"16":0,"17":0,"18":1,"19":6,"20":6,"21":6,"22":6,"23":6,"24":36,"25":6,"26":6,"27":6,"28":18,"29":4,"30":0,"31":4,"32":4,"33":4,"34":4,"35":4,"36":24,"37":4,"38":4,"39":24,"40":24,"41":104,"42":4,"43":4,"44":4},"f":{"0":24,"1":34,"2":6,"3":6,"4":6,"5":6,"6":0,"7":6,"8":36,"9":4},"b":{"0":[24],"1":[24],"2":[6],"3":[6],"4":[6],"5":[6],"6":[0],"7":[0,0],"8":[0,0],"9":[6],"10":[6,6,6,18],"11":[6,1,1,0],"12":[6,1,0],"13":[0,4],"14":[4,20],"15":[24,24,5],"16":[24,0],"17":[4,100],"18":[104,104,4],"19":[4,0]},"meta":{"lastBranch":20,"lastFunction":10,"lastStatement":45,"seen":{"s:3:32:3:Infinity":0,"s:4:35:4:Infinity":1,"s:5:31:5:Infinity":2,"s:6:41:6:Infinity":3,"s:7:38:7:Infinity":4,"s:8:45:8:Infinity":5,"s:9:56:9:Infinity":6,"f:11:9:11:19":0,"b:11:32:11:34":0,"b:11:50:11:52":1,"s:12:2:12:Infinity":7,"f:12:26:12:27":1,"s:12:36:12:60":8,"f:15:9:15:20":2,"b:15:33:15:35":2,"s:16:2:16:Infinity":9,"f:19:9:19:25":3,"b:19:38:19:40":3,"s:20:2:20:Infinity":10,"f:23:9:23:24":4,"b:23:37:23:39":4,"s:24:2:24:Infinity":11,"f:27:9:27:23":5,"b:27:36:27:38":5,"s:28:2:28:Infinity":12,"f:31:16:31:37":6,"b:31:50:31:52":6,"b:32:2:34:Infinity:undefined:undefined:undefined:undefined":7,"s:32:2:34:Infinity":13,"s:33:4:33:Infinity":14,"b:36:2:38:Infinity:undefined:undefined:undefined:undefined":8,"s:36:2:38:Infinity":15,"s:37:4:37:Infinity":16,"s:40:2:40:Infinity":17,"s:48:31:135:Infinity":18,"f:142:16:142:31":7,"b:142:44:142:46":9,"s:143:20:143:Infinity":19,"s:144:25:144:Infinity":20,"s:145:24:145:Infinity":21,"s:146:23:146:Infinity":22,"s:148:2:159:Infinity":23,"f:148:32:148:33":8,"b:150:6:151:Infinity:152:6:153:Infinity:154:6:155:Infinity:156:6:157:Infinity":10,"s:149:4:158:Infinity":24,"s:151:8:151:Infinity":25,"b:151:15:151:29:151:33:151:46:151:51:151:63:151:67:151:96":11,"s:153:8:153:Infinity":26,"b:153:15:153:29:153:34:153:47:153:51:153:91":12,"s:155:8:155:Infinity":27,"s:157:8:157:Infinity":28,"f:167:16:167:31":9,"b:168:2:168:Infinity:undefined:undefined:undefined:undefined":13,"s:168:2:168:Infinity":29,"s:168:20:168:Infinity":30,"s:170:23:170:Infinity":31,"s:171:25:171:Infinity":32,"s:172:22:172:Infinity":33,"s:173:24:173:Infinity":34,"s:175:2:189:Infinity":35,"b:176:4:179:Infinity:undefined:undefined:undefined:undefined":14,"s:176:4:179:Infinity":36,"b:176:8:176:17:176:21:176:54:176:58:176:92":15,"s:177:6:177:Infinity":37,"s:178:6:178:Infinity":38,"b:181:4:188:Infinity:undefined:undefined:undefined:undefined":16,"s:181:4:188:Infinity":39,"s:182:6:187:Infinity":40,"b:183:8:186:Infinity:undefined:undefined:undefined:undefined":17,"s:183:8:186:Infinity":41,"b:183:12:183:22:183:26:183:60:183:64:183:100":18,"s:184:10:184:Infinity":42,"s:185:10:185:Infinity":43,"s:191:2:191:Infinity":44,"b:191:9:191:23:191:27:191:Infinity":19}}}
[...]
24},"53":{"name":"(anonymous_53)","decl":{"start":{"line":126,"column":18},"end":{"line":126,"column":21}},"loc":{"start":{"line":126,"column":43},"end":{"line":126,"column":43}},"line":126},"54":{"name":"(anonymous_54)","decl":{"start":{"line":132,"column":16},"end":{"line":132,"column":null}},"loc":{"start":{"line":131,"column":39},"end":{"line":144,"column":null}},"line":131},"55":{"name":"(anonymous_55)","decl":{"start":{"line":133,"column":27},"end":{"line":133,"column":30}},"loc":{"start":{"line":133,"column":27},"end":{"line":133,"column":null}},"line":133},"56":{"name":"(anonymous_56)","decl":{"start":{"line":137,"column":25},"end":{"line":137,"column":27}},"loc":{"start":{"line":137,"column":27},"end":{"line":137,"column":null}},"line":137},"57":{"name":"(anonymous_57)","decl":{"start":{"line":139,"column":18},"end":{"line":139,"column":29}},"loc":{"start":{"line":139,"column":57},"end":{"line":144,"column":null}},"line":139},"58":{"name":"(anonymous_58)","decl":{"start":{"line":141,"column":51},"end":{"line":141,"column":null}},"loc":{"start":{"line":141,"column":32},"end":{"line":144,"column":null}},"line":141},"59":{"name":"(anonymous_59)","decl":{"start":{"line":151,"column":16},"end":{"line":151,"column":null}},"loc":{"start":{"line":150,"column":39},"end":{"line":158,"column":28}},"line":150},"60":{"name":"(anonymous_60)","decl":{"start":{"line":155,"column":24},"end":{"line":155,"column":26}},"loc":{"start":{"line":155,"column":26},"end":{"line":155,"column":null}},"line":155},"61":{"name":"(anonymous_61)","decl":{"start":{"line":156,"column":17},"end":{"line":156,"column":null}},"loc":{"start":{"line":158,"column":16},"end":{"line":158,"column":28}},"line":158}},"branchMap":{"0":{"loc":{"start":{"line":228,"column":11},"end":{"line":228,"column":46}},"type":"cond-expr","locations":[{"start":{"line":228,"column":33},"end":{"line":228,"column":38}},{"start":{"line":228,"column":41},"end":{"line":228,"column":46}}],"line":228},"1":{"loc":{"start":{"line":230,"column":12},"end":{"line":230,"column":null}},"type":"cond-expr","locations":[{"start":{"line":230,"column":34},"end":{"line":230,"column":43}},{"start":{"line":230,"column":46},"end":{"line":230,"column":null}}],"line":230},"2":{"loc":{"start":{"line":256,"column":17},"end":{"line":256,"column":null}},"type":"cond-expr","locations":[{"start":{"line":256,"column":42},"end":{"line":256,"column":49}},{"start":{"line":256,"column":53},"end":{"line":256,"column":95}}],"line":256},"3":{"loc":{"start":{"line":256,"column":53},"end":{"line":256,"column":95}},"type":"binary-expr","locations":[{"start":{"line":256,"column":53},"end":{"line":256,"column":69}},{"start":{"line":256,"column":73},"end":{"line":256,"column":89}},{"start":{"line":256,"column":93},"end":{"line":256,"column":95}}],"line":256},"4":{"loc":{"start":{"line":258,"column":8},"end":{"line":258,"column":22}},"type":"binary-expr","locations":[{"start":{"line":258,"column":8},"end":{"line":258,"column":15}},{"start":{"line":258,"column":19},"end":{"line":258,"column":22}}],"line":258},"5":{"loc":{"start":{"line":259,"column":10},"end":{"line":259,"column":84}},"type":"cond-expr","locations":[{"start":{"line":259,"column":26},"end":{"line":259,"column":78}},{"start":{"line":259,"column":81},"end":{"line":259,"column":84}}],"line":259},"6":{"loc":{"start":{"line":260,"column":11},"end":{"line":260,"column":46}},"type":"binary-expr","locations":[{"start":{"line":260,"column":11},"end":{"line":260,"column":24}},{"start":{"line":260,"column":28},"end":{"line":260,"column":39}},{"start":{"line":260,"column":43},"end":{"line":260,"column":46}}],"line":260},"7":{"loc":{"start":{"line":261,"column":12},"end":{"line":261,"column":56}},"type":"binary-expr","locations":[{"start":{"line":261,"column":12},"end":{"line":261,"column":27}},{"start":{"line":261,"column":31},"end":{"line":261,"column":49}},{"start":{"line":261,"column":53},"end":{"line":261,"column":56}}],"line":261},"8":{"loc":{"start":{"line":262,"column":14},"end":{"line":262,"column":34}},"type":"binary-expr","locations":[{"start":{"line":262,"column":14},"end":{"line":262,"column":27}},{"start":{"line":262,"column":31},"end":{"line":262,"column":34}}],"line":262},"9":{"loc":{"start":{"line":263,"column":12},"end":{"line":263,"column":30}},"type":"binary-expr","locations":[{"start":{"line":263,"column":12},"end":{"line":263,"column":23}},{"start":{"line":263,"column":27},"end":{"line":263,"column":30}}],"line":263},"10":{"loc":{"start":{"line":264,"column":11},"end":{"line":264,"column":28}},"type":"binary-expr","locations":[{"start":{"line":264,"column":11},"end":{"line":264,"column":21}},{"start":{"line":264,"column":25},"end":{"line":264,"column":28}}],"line":264},"11":{"loc":{"start":{"line":265,"column":18},"end":{"line":265,"column":42}},"type":"binary-expr","locations":[{"start":{"line":265,"column":18},"end":{"line":265,"column":35}},{"start":{"line":265,"column":39},"end":{"line":265,"column":42}}],"line":265},"12":{"loc":{"start":{"line":266,"column":12},"end":{"line":266,"column":47}},"type":"cond-expr","locations":[{"start":{"line":266,"column":27},"end":{"line":266,"column":36}},{"start":{"line":266,"column":39},"end":{"line":266,"column":47}}],"line":266},"13":{"loc":{"start":{"line":267,"column":16},"end":{"line":267,"column":38}},"type":"binary-expr","locations":[{"start":{"line":267,"column":16},"end":{"line":267,"column":31}},{"start":{"line":267,"column":35},"end":{"line":267,"column":38}}],"line":267},"14":{"loc":{"start":{"line":268,"column":18},"end":{"line":268,"column":42}},"type":"binary-expr","locations":[{"start":{"line":268,"column":18},"end":{"line":268,"column":35}},{"start":{"line":268,"column":39},"end":{"line":268,"column":42}}],"line":268},"15":{"loc":{"start":{"line":269,"column":13},"end":{"line":269,"column":55}},"type":"binary-expr","locations":[{"start":{"line":269,"column":13},"end":{"line":269,"column":25}},{"start":{"line":269,"column":29},"end":{"line":269,"column":48}},{"start":{"line":269,"column":52},"end":{"line":269,"column":55}}],"line":269},"16":{"loc":{"start":{"line":270,"column":20},"end":{"line":270,"column":46}},"type":"binary-expr","locations":[{"start":{"line":270,"column":20},"end":{"line":270,"column":39}},{"start":{"line":270,"column":43},"end":{"line":270,"column":46}}],"line":270},"17":{"loc":{"start":{"line":271,"column":16},"end":{"line":271,"column":38}},"type":"binary-expr","locations":[{"start":{"line":271,"column":16},"end":{"line":271,"column":31}},{"start":{"line":271,"column":35},"end":{"line":271,"column":38}}],"line":271},"18":{"loc":{"start":{"line":272,"column":14},"end":{"line":272,"column":34}},"type":"binary-expr","locations":[{"start":{"line":272,"column":14},"end":{"line":272,"column":27}},{"start":{"line":272,"column":31},"end":{"line":272,"column":34}}],"line":272},"19":{"loc":{"start":{"line":273,"column":18},"end":{"line":273,"column":42}},"type":"binary-expr","locations":[{"start":{"line":273,"column":18},"end":{"line":273,"column":35}},{"start":{"line":273,"column":39},"end":{"line":273,"column":42}}],"line":273},"20":{"loc":{"start":{"line":274,"column":18},"end":{"line":274,"column":40}},"type":"binary-expr","locations":[{"start":{"line":274,"column":18},"end":{"line":274,"column":35}},{"start":{"line":274,"column":39},"end":{"line":274,"column":40}}],"line":274},"21":{"loc":{"start":{"line":275,"column":22},"end":{"line":275,"column":48}},"type":"binary-expr","locations":[{"start":{"line":275,"column":22},"end":{"line":275,"column":43}},{"start":{"line":275,"column":47},"end":{"line":275,"column":48}}],"line":275},"22":{"loc":{"start":{"line":276,"column":17},"end":{"line":276,"column":38}},"type":"binary-expr","locations":[{"start":{"line":276,"column":17},"end":{"line":276,"column":33}},{"start":{"line":276,"column":37},"end":{"line":276,"column":38}}],"line":276},"23":{"loc":{"start":{"line":277,"column":19},"end":{"line":277,"column":43}},"type":"binary-expr","locations":[{"start":{"line":277,"column":19},"end":{"line":277,"column":37}},{"start":{"line":277,"column":41},"end":{"line":277,"column":43}}],"line":277},"24":{"loc":{"start":{"line":278,"column":21},"end":{"line":278,"column":47}},"type":"binary-expr","locations":[{"start":{"line":278,"column":21},"end":{"line":278,"column":41}},{"start":{"line":278,"column":45},"end":{"line":278,"column":47}}],"line":278},"25":{"loc":{"start":{"line":279,"column":14},"end":{"line":279,"column":null}},"type":"binary-expr","locations":[{"start":{"line":279,"column":14},"end":{"line":279,"column":27}},{"start":{"line":279,"column":31},"end":{"line":279,"column":null}}],"line":279},"26":{"loc":{"start":{"line":288,"column":4},"end":{"line":289,"column":null}},"type":"if","locations":[{"start":{"line":288,"column":4},"end":{"line":289,"column":null}},{"start":{"line":289,"column":8},"end":{"line":289,"column":null}}],"line":288},"27":{"loc":{"start":{"line":298,"column":4},"end":{"line":298,"column":null}},"type":"if","locations":[{"start":{"line":298,"column":4},"end":{"line":298,"column":null}},{"start":{},"end":{}}],"line":298},"28":{"loc":{"start":{"line":300,"column":6},"end":{"line":300,"column":null}},"type":"if","locations":[{"start":{"line":300,"column":6},"end":{"line":300,"column":null}},{"start":{},"end":{}}],"line":300},"29":{"loc":{"start":{"line":301,"column":6},"end":{"line":301,"column":null}},"type":"if","locations":[{"start":{"line":301,"column":6},"end":{"line":301,"column":null}},{"start":{},"end":{}}],"line":301},"30":{"loc":{"start":{"line":301,"column":70},"end":{"line":301,"column":null}},"type":"binary-expr","locations":[{"start":{"line":301,"column":70},"end":{"line":301,"column":86}},{"start":{"line":301,"column":90},"end":{"line":301,"column":null}}],"line":301},"31":{"loc":{"start":{"line":302,"column":6},"end":{"line":302,"column":null}},"type":"if","locations":[{"start":{"line":302,"column":6},"end":{"line":302,"column":null}},{"start":{},"end":{}}],"line":302},"32":{"loc":{"start":{"line":302,"column":82},"end":{"line":302,"column":104}},"type":"binary-expr","locations":[{"start":{"line":302,"column":82},"end":{"line":302,"column":98}},{"start":{"line":302,"column":102},"end":{"line":302,"column":104}}],"line":302},"33":{"loc":{"start":{"line":327,"column":30},"end":{"line":327,"column":55}},"type":"binary-expr","locations":[{"start":{"line":327,"column":30},"end":{"line":327,"column":50}},{"start":{"line":327,"column":54},"end":{"line":327,"column":55}}],"line":327},"34":{"loc":{"start":{"line":328,"column":35},"end":{"line":328,"column":65}},"type":"binary-expr","locations":[{"start":{"line":328,"column":35},"end":{"line":328,"column":60}},{"start":{"line":328,"column":64},"end":{"line":328,"column":65}}],"line":328},"35":{"loc":{"start":{"line":329,"column":22},"end":{"line":329,"column":null}},"type":"binary-expr","locations":[{"start":{"line":329,"column":22},"end":{"line":329,"column":41}},{"start":{"line":329,"column":45},"end":{"line":329,"column":null}}],"line":329},"36":{"loc":{"start":{"line":352,"column":35},"end":{"line":352,"column":49}},"type":"binary-expr","locations":[{"start":{"line":352,"column":35},"end":{"line":352,"column":43}},{"start":{"line":352,"column":47},"end":{"line":352,"column":49}}],"line":352},"37":{"loc":{"start":{"line":355,"column":16},"end":{"line":355,"column":null}},"type":"binary-expr","locations":[{"start":{"line":355,"column":16},"end":{"line":355,"column":21}},{"start":{"line":355,"column":25},"end":{"line":355,"column":null}}],"line":355},"38":{"loc":{"start":{"line":374,"column":9},"end":{"line":374,"column":null}},"type":"binary-expr","locations":[{"start":{"line":374,"column":9},"end":{"line":374,"column":19}},{"start":{"line":374,"column":23},"end":{"line":374,"column":null}}],"line":374},"39":{"loc":{"start":{"line":405,"column":4},"end":{"line":407,"column":null}},"type":"if","locations":[{"start":{"line":405,"column":4},"end":{"line":407,"column":null}},{"start":{},"end":{}}],"line":405},"40":{"loc":{"start":{"line":415,"column":30},"end":{"line":415,"column":null}},"type":"cond-expr","locations":[{"start":{"line":415,"column":37},"end":{"line":415,"column":71}},{"start":{"line":415,"column":74},"end":{"line":415,"column":null}}],"line":415},"41":{"loc":{"start":{"line":422,"column":4},"end":{"line":424,"column":null}},"type":"if","locations":[{"start":{"line":422,"column":4},"end":{"line":424,"column":null}},{"start":{},"end":{}}],"line":422},"42":{"loc":{"start":{"line":422,"column":8},"end":{"line":422,"column":53}},"type":"binary-expr","locations":[{"start":{"line":422,"column":8},"end":{"line":422,"column":23}},{"start":{"line":422,"column":27},"end":{"line":422,"column":53}}],"line":422},"43":{"loc":{"start":{"line":4,"column":12},"end":{"line":21,"column":20}},"type":"cond-expr","locations":[{"start":{"line":3,"column":4},"end":{"line":21,"column":20}}],"line":4},"44":{"loc":{"start":{"line":13,"column":8},"end":{"line":13,"column":20}},"type":"binary-expr","locations":[{"start":{"line":13,"column":8},"end":{"line":13,"column":20}},{"start":{"line":13,"column":8},"end":{"line":13,"column":20}}],"line":13},"45":{"loc":{"start":{"line":21,"column":8},"end":{"line":21,"column":20}},"type":"binary-expr","locations":[{"start":{"line":21,"column":8},"end":{"line":21,"column":20}},{"start":{"line":21,"column":8},"end":{"line":21,"column":20}}],"line":21},"46":{"loc":{"start":{"line":27,"column":22},"end":{"line":27,"column":null}},"type":"binary-expr","locations":[{"start":{"line":27,"column":22},"end":{"line":27,"column":31}},{"start":{"line":27,"column":22},"end":{"line":27,"column":null}}],"line":27},"47":{"loc":{"start":{"line":32,"column":14},"end":{"line":32,"column":33}},"type":"binary-expr","locations":[{"start":{"line":32,"column":14},"end":{"line":32,"column":20}},{"start":{"line":32,"column":14},"end":{"line":32,"column":33}}],"line":32},"48":{"loc":{"start":{"line":42,"column":25},"end":{"line":88,"column":30}},"type":"cond-expr","locations":[{"start":{"line":42,"column":6},"end":{"line":88,"column":30}}],"line":42},"49":{"loc":{"start":{"line":48,"column":38},"end":{"line":48,"column":61}},"type":"binary-expr","locations":[{"start":{"line":48,"column":38},"end":{"line":48,"column":44}},{"start":{"line":48,"column":38},"end":{"line":48,"column":61}}],"line":48},"50":{"loc":{"start":{"line":51,"column":38},"end":{"line":51,"column":55}},"type":"binary-expr","locations":[{"start":{"line":51,"column":38},"end":{"line":51,"column":44}},{"start":{"line":51,"column":38},"end":{"line":51,"column":55}}],"line":51},"51":{"loc":{"start":{"line":58,"column":44},"end":{"line":58,"column":67}},"type":"binary-expr","locations":[{"start":{"line":58,"column":44},"end":{"line":58,"column":50}},{"start":{"line":58,"column":44},"end":{"line":58,"column":67}}],"line":58},"52":{"loc":{"start":{"line":68,"column":18},"end":{"line":68,"column":35}},"type":"binary-expr","locations":[{"start":{"line":68,"column":18},"end":{"line":68,"column":24}},{"start":{"line":68,"column":18},"end":{"line":68,"column":35}}],"line":68},"53":{"loc":{"start":{"line":72,"column":18},"end":{"line":72,"column":39}},"type":"binary-expr","locations":[{"start":{"line":72,"column":18},"end":{"line":72,"column":24}},{"start":{"line":72,"column":18},"end":{"line":72,"column":39}}],"line":72},"54":{"loc":{"start":{"line":76,"column":18},"end":{"line":76,"column":35}},"type":"binary-expr","locations":[{"start":{"line":76,"column":18},"end":{"line":76,"column":24}},{"start":{"line":76,"column":18},"end":{"line":76,"column":35}}],"line":76},"55":{"loc":{"start":{"line":80,"column":44},"end":{"line":80,"column":58}},"type":"binary-expr","locations":[{"start":{"line":80,"column":44},"end":{"line":80,"column":55}},{"start":{"line":80,"column":44},"end":{"line":80,"column":58}}],"line":80},"56":{"loc":{"start":{"line":88,"column":18},"end":{"line":88,"column":30}},"type":"binary-expr","locations":[{"start":{"line":88,"column":18},"end":{"line":88,"column":30}},{"start":{"line":88,"column":18},"end":{"line":88,"column":30}}],"line":88},"57":{"loc":{"start":{"line":96,"column":25},"end":{"line":117,"column":null}},"type":"cond-expr","locations":[{"start":{"line":96,"column":6},"end":{"line":117,"column":null}}],"line":96},"58":{"loc":{"start":{"line":100,"column":14},"end":{"line":100,"column":40}},"type":"binary-expr","locations":[{"start":{"line":100,"column":14},"end":{"line":100,"column":20}},{"start":{"line":100,"column":14},"end":{"line":100,"column":40}}],"line":100},"59":{"loc":{"start":{"line":104,"column":16},"end":{"line":104,"column":28}},"type":"binary-expr","locations":[{"start":{"line":104,"column":16},"end":{"line":104,"column":28}},{"start":{"line":104,"column":16},"end":{"line":104,"column":28}}],"line":104},"60":{"loc":{"start":{"line":112,"column":16},"end":{"line":112,"column":28}},"type":"binary-expr","locations":[{"start":{"line":112,"column":16},"end":{"line":112,"column":28}},{"start":{"line":112,"column":16},"end":{"line":112,"column":28}}],"line":112},"61":{"loc":{"start":{"line":126,"column":21},"end":{"line":126,"column":43}},"type":"binary-expr","locations":[{"start":{"line":126,"column":21},"end":{"line":126,"column":30}},{"start":{"line":126,"column":30},"end":{"line":126,"column":43}}],"line":126},"62":{"loc":{"start":{"line":158,"column":16},"end":{"line":158,"column":28}},"type":"binary-expr","locations":[{"start":{"line":158,"column":16},"end":{"line":158,"column":28}},{"start":{"line":158,"column":16},"end":{"line":158,"column":28}}],"line":158}},"s":{"0":6,"1":6,"2":6,"3":6,"4":6,"5":6,"6":6,"7":6,"8":6,"9":6,"10":6,"11":6,"12":6,"13":6,"14":6,"15":6,"16":6,"17":6,"18":13,"19":6,"20":6,"21":8,"22":8,"23":8,"24":6,"25":8,"26":8,"27":8,"28":8,"29":8,"30":0,"31":8,"32":0,"33":6,"34":6,"35":6,"36":6,"37":0,"38":6,"39":18,"40":6,"41":18,"42":6,"43":18,"44":6,"45":0,"46":6,"47":2,"48":2,"49":2,"50":2,"51":2,"52":6,"53":8,"54":8,"55":8,"56":8,"57":8,"58":8,"59":8,"60":0,"61":6,"62":2,"63":2,"64":2,"65":2,"66":2,"67":2,"68":2,"69":6,"70":10,"71":10,"72":10,"73":10,"74":10,"75":0,"76":10,"77":6,"78":6,"79":6,"80":6,"81":0,"82":0,"83":0,"84":0,"85":0,"86":0,"87":6,"88":2,"89":2,"90":2,"91":2,"92":0,"93":6,"94":4,"95":4,"96":2,"97":2,"98":2,"99":2,"100":0,"101":6,"102":6,"103":6,"104":22,"105":6,"106":6,"107":6,"108":6,"109":0,"110":1,"111":1,"112":1,"113":1,"114":1,"115":1,"116":1,"117":1,"118":13,"119":14,"120":14,"121":14,"122":0,"123":6,"124":6,"125":20,"126":20,"127":20,"128":6,"129":6,"130":6,"131":6,"132":6,"133":6,"134":0,"135":6,"136":0,"137":6,"138":6,"139":0,"140":6,"141":20,"142":22,"143":0,"144":8,"145":6,"146":22,"147":6,"148":6,"149":22,"150":22,"151":6,"152":6,"153":6,"154":0,"155":0,"156":6,"157":36,"158":6,"159":2,"160":6},"f":{"0":6,"1":6,"2":13,"3":8,"4":8,"5":8,"6":6,"7":2,"8":8,"9":2,"10":10,"11":10,"12":6,"13":0,"14":2,"15":4,"16":6,"17":22,"18":6,"19":6,"20":14,"21":14,"22":14,"23":0,"24":6,"25":6,"26":20,"27":20,"28":20,"29":6,"30":6,"31":6,"32":6,"33":6,"34":6,"35":0,"36":6,"37":0,"38":6,"39":6,"40":0,"41":6,"42":20,"43":22,"44":0,"45":8,"46":6,"47":22,"48":6,"49":6,"50":22,"51":22,"52":6,"53":6,"54":6,"55":0,"56":0,"57":6,"58":36,"59":6,"60":2,"61":6},"b":{"0":[13,0],"1":[13,0],"2":[8,0],"3":[0,0,0],"4":[8,8],"5":[8,0],"6":[8,0,0],"7":[8,8,8],"8":[8,8],"9":[8,8],"10":[8,8],"11":[8,8],"12":[8,0],"13":[8,8],"14":[8,8],"15":[8,8,8],"16":[8,8],"17":[8,8],"18":[8,8],"19":[8,8],"20":[8,8],"21":[8,8],"22":[8,8],"23":[8,8],"24":[8,8],"25":[8,8],"26":[0,8],"27":[0,6],"28":[6,12],"29":[6,12],"30":[6,0],"31":[6,12],"32":[6,0],"33":[8,0],"34":[8,0],"35":[8,8],"36":[10,0],"37":[10,0],"38":[6,0],"39":[0,2],"40":[0,22],"41":[0,6],"42":[6,0],"43":[13],"44":[14,6],"45":[14,6],"46":[13,6],"47":[20,6],"48":[6],"49":[6,6],"50":[6,6],"51":[6,6],"52":[22,6],"53":[22,6],"54":[22,6],"55":[22,6],"56":[8,6],"57":[6],"58":[22,6],"59":[6,6],"60":[6,6],"61":[6,0],"62":[6,6]},"meta":{"lastBranch":0,"lastFunction":0,"lastStatement":0,"seen":{}}}
}
