{"total": {"lines":{"total":1312,"covered":843,"skipped":0,"pct":64.25},"statements":{"total":1434,"covered":888,"skipped":0,"pct":61.92},"functions":{"total":524,"covered":287,"skipped":0,"pct":54.77},"branches":{"total":1202,"covered":634,"skipped":0,"pct":52.74},"branchesTrue":{"total":0,"covered":0,"skipped":0,"pct":100}}
,"/Users/adlin/Documents/Code/ORIN/orin-frontend/src/api/gateway.js": {"lines":{"total":86,"covered":51,"skipped":0,"pct":59.3},"functions":{"total":43,"covered":8,"skipped":0,"pct":18.6},"statements":{"total":86,"covered":51,"skipped":0,"pct":59.3},"branches":{"total":2,"covered":1,"skipped":0,"pct":50}}
,"/Users/adlin/Documents/Code/ORIN/orin-frontend/src/api/trace.js": {"lines":{"total":14,"covered":13,"skipped":0,"pct":92.85},"functions":{"total":7,"covered":6,"skipped":0,"pct":85.71},"statements":{"total":14,"covered":13,"skipped":0,"pct":92.85},"branches":{"total":2,"covered":2,"skipped":0,"pct":100}}
,"/Users/adlin/Documents/Code/ORIN/orin-frontend/src/components/PageHeader.vue": {"lines":{"total":9,"covered":6,"skipped":0,"pct":66.66},"functions":{"total":2,"covered":0,"skipped":0,"pct":0},"statements":{"total":9,"covered":6,"skipped":0,"pct":66.66},"branches":{"total":4,"covered":0,"skipped":0,"pct":0}}
,"/Users/adlin/Documents/Code/ORIN/orin-frontend/src/components/orin/OrinAsyncState.vue": {"lines":{"total":4,"covered":1,"skipped":0,"pct":25},"functions":{"total":4,"covered":0,"skipped":0,"pct":0},"statements":{"total":6,"covered":1,"skipped":0,"pct":16.66},"branches":{"total":14,"covered":0,"skipped":0,"pct":0}}
,"/Users/adlin/Documents/Code/ORIN/orin-frontend/src/components/orin/OrinAuditTable.vue": {"lines":{"total":20,"covered":5,"skipped":0,"pct":25},"functions":{"total":5,"covered":0,"skipped":0,"pct":0},"statements":{"total":21,"covered":5,"skipped":0,"pct":23.8},"branches":{"total":50,"covered":0,"skipped":0,"pct":0}}
,"/Users/adlin/Documents/Code/ORIN/orin-frontend/src/components/orin/OrinDataTable.vue": {"lines":{"total":3,"covered":3,"skipped":0,"pct":100},"functions":{"total":2,"covered":2,"skipped":0,"pct":100},"statements":{"total":3,"covered":3,"skipped":0,"pct":100},"branches":{"total":1,"covered":0,"skipped":0,"pct":0}}
,"/Users/adlin/Documents/Code/ORIN/orin-frontend/src/components/orin/OrinDetailPanel.vue": {"lines":{"total":1,"covered":1,"skipped":0,"pct":100},"functions":{"total":0,"covered":0,"skipped":0,"pct":100},"statements":{"total":2,"covered":2,"skipped":0,"pct":100},"branches":{"total":6,"covered":4,"skipped":0,"pct":66.66}}
,"/Users/adlin/Documents/Code/ORIN/orin-frontend/src/components/orin/OrinEmptyState.vue": {"lines":{"total":5,"covered":1,"skipped":0,"pct":20},"functions":{"total":4,"covered":0,"skipped":0,"pct":0},"statements":{"total":6,"covered":1,"skipped":0,"pct":16.66},"branches":{"total":3,"covered":0,"skipped":0,"pct":0}}
,"/Users/adlin/Documents/Code/ORIN/orin-frontend/src/components/orin/OrinFilterBar.vue": {"lines":{"total":1,"covered":1,"skipped":0,"pct":100},"functions":{"total":0,"covered":0,"skipped":0,"pct":100},"statements":{"total":2,"covered":1,"skipped":0,"pct":50},"branches":{"total":0,"covered":0,"skipped":0,"pct":100}}
,"/Users/adlin/Documents/Code/ORIN/orin-frontend/src/components/orin/OrinMaturityBadge.vue": {"lines":{"total":10,"covered":0,"skipped":0,"pct":0},"functions":{"total":4,"covered":0,"skipped":0,"pct":0},"statements":{"total":12,"covered":0,"skipped":0,"pct":0},"branches":{"total":5,"covered":0,"skipped":0,"pct":0}}
,"/Users/adlin/Documents/Code/ORIN/orin-frontend/src/components/orin/OrinMetricStrip.vue": {"lines":{"total":4,"covered":4,"skipped":0,"pct":100},"functions":{"total":1,"covered":1,"skipped":0,"pct":100},"statements":{"total":5,"covered":5,"skipped":0,"pct":100},"branches":{"total":3,"covered":3,"skipped":0,"pct":100}}
,"/Users/adlin/Documents/Code/ORIN/orin-frontend/src/components/orin/OrinPageShell.vue": {"lines":{"total":6,"covered":2,"skipped":0,"pct":33.33},"functions":{"total":4,"covered":0,"skipped":0,"pct":0},"statements":{"total":7,"covered":2,"skipped":0,"pct":28.57},"branches":{"total":2,"covered":0,"skipped":0,"pct":0}}
,"/Users/adlin/Documents/Code/ORIN/orin-frontend/src/components/orin/OrinStatusSummary.vue": {"lines":{"total":5,"covered":5,"skipped":0,"pct":100},"functions":{"total":1,"covered":1,"skipped":0,"pct":100},"statements":{"total":6,"covered":6,"skipped":0,"pct":100},"branches":{"total":5,"covered":5,"skipped":0,"pct":100}}
,"/Users/adlin/Documents/Code/ORIN/orin-frontend/src/components/orin/OrinTaskTimeline.vue": {"lines":{"total":16,"covered":4,"skipped":0,"pct":25},"functions":{"total":5,"covered":0,"skipped":0,"pct":0},"statements":{"total":21,"covered":4,"skipped":0,"pct":19.04},"branches":{"total":15,"covered":0,"skipped":0,"pct":0}}
,"/Users/adlin/Documents/Code/ORIN/orin-frontend/src/constants/uiText.js": {"lines":{"total":1,"covered":1,"skipped":0,"pct":100},"functions":{"total":0,"covered":0,"skipped":0,"pct":100},"statements":{"total":1,"covered":1,"skipped":0,"pct":100},"branches":{"total":0,"covered":0,"skipped":0,"pct":100}}
,"/Users/adlin/Documents/Code/ORIN/orin-frontend/src/router/routes.js": {"lines":{"total":39,"covered":17,"skipped":0,"pct":43.58},"functions":{"total":7,"covered":1,"skipped":0,"pct":14.28},"statements":{"total":44,"covered":17,"skipped":0,"pct":38.63},"branches":{"total":31,"covered":6,"skipped":0,"pct":19.35}}
,"/Users/adlin/Documents/Code/ORIN/orin-frontend/src/router/topMenuConfig.js": {"lines":{"total":43,"covered":38,"skipped":0,"pct":88.37},"functions":{"total":10,"covered":9,"skipped":0,"pct":90},"statements":{"total":45,"covered":39,"skipped":0,"pct":86.66},"branches":{"total":39,"covered":29,"skipped":0,"pct":74.35}}
,"/Users/adlin/Documents/Code/ORIN/orin-frontend/src/utils/maturity.js": {"lines":{"total":4,"covered":4,"skipped":0,"pct":100},"functions":{"total":2,"covered":2,"skipped":0,"pct":100},"statements":{"total":4,"covered":4,"skipped":0,"pct":100},"branches":{"total":4,"covered":4,"skipped":0,"pct":100}}
,"/Users/adlin/Documents/Code/ORIN/orin-frontend/src/utils/revampSmokeReport.js": {"lines":{"total":42,"covered":10,"skipped":0,"pct":23.8},"functions":{"total":9,"covered":6,"skipped":0,"pct":66.66},"statements":{"total":45,"covered":12,"skipped":0,"pct":26.66},"branches":{"total":45,"covered":11,"skipped":0,"pct":24.44}}
,"/Users/adlin/Documents/Code/ORIN/orin-frontend/src/utils/workflowCapabilities.js": {"lines":{"total":10,"covered":10,"skipped":0,"pct":100},"functions":{"total":6,"covered":6,"skipped":0,"pct":100},"statements":{"total":11,"covered":10,"skipped":0,"pct":90.9},"branches":{"total":11,"covered":6,"skipped":0,"pct":54.54}}
,"/Users/adlin/Documents/Code/ORIN/orin-frontend/src/viewmodels/asyncState.js": {"lines":{"total":17,"covered":17,"skipped":0,"pct":100},"functions":{"total":7,"covered":7,"skipped":0,"pct":100},"statements":{"total":17,"covered":17,"skipped":0,"pct":100},"branches":{"total":4,"covered":3,"skipped":0,"pct":75}}
,"/Users/adlin/Documents/Code/ORIN/orin-frontend/src/viewmodels/index.js": {"lines":{"total":0,"covered":0,"skipped":0,"pct":0},"functions":{"total":0,"covered":0,"skipped":0,"pct":0},"statements":{"total":0,"covered":0,"skipped":0,"pct":0},"branches":{"total":0,"covered":0,"skipped":0,"pct":0}}
,"/Users/adlin/Documents/Code/ORIN/orin-frontend/src/viewmodels/adapters/agent.js": {"lines":{"total":7,"covered":1,"skipped":0,"pct":14.28},"functions":{"total":3,"covered":0,"skipped":0,"pct":0},"statements":{"total":7,"covered":1,"skipped":0,"pct":14.28},"branches":{"total":26,"covered":0,"skipped":0,"pct":0}}
,"/Users/adlin/Documents/Code/ORIN/orin-frontend/src/viewmodels/adapters/collaboration.js": {"lines":{"total":15,"covered":13,"skipped":0,"pct":86.66},"functions":{"total":8,"covered":6,"skipped":0,"pct":75},"statements":{"total":18,"covered":15,"skipped":0,"pct":83.33},"branches":{"total":86,"covered":53,"skipped":0,"pct":61.62}}
,"/Users/adlin/Documents/Code/ORIN/orin-frontend/src/viewmodels/adapters/knowledge.js": {"lines":{"total":17,"covered":17,"skipped":0,"pct":100},"functions":{"total":6,"covered":6,"skipped":0,"pct":100},"statements":{"total":21,"covered":21,"skipped":0,"pct":100},"branches":{"total":38,"covered":34,"skipped":0,"pct":89.47}}
,"/Users/adlin/Documents/Code/ORIN/orin-frontend/src/viewmodels/adapters/monitor.js": {"lines":{"total":6,"covered":6,"skipped":0,"pct":100},"functions":{"total":3,"covered":3,"skipped":0,"pct":100},"statements":{"total":6,"covered":6,"skipped":0,"pct":100},"branches":{"total":35,"covered":25,"skipped":0,"pct":71.42}}
,"/Users/adlin/Documents/Code/ORIN/orin-frontend/src/viewmodels/adapters/workflow.js": {"lines":{"total":18,"covered":12,"skipped":0,"pct":66.66},"functions":{"total":7,"covered":6,"skipped":0,"pct":85.71},"statements":{"total":23,"covered":14,"skipped":0,"pct":60.86},"branches":{"total":38,"covered":23,"skipped":0,"pct":60.52}}
,"/Users/adlin/Documents/Code/ORIN/orin-frontend/src/views/System/UnifiedGateway.vue": {"lines":{"total":252,"covered":161,"skipped":0,"pct":63.88},"functions":{"total":128,"covered":65,"skipped":0,"pct":50.78},"statements":{"total":291,"covered":173,"skipped":0,"pct":59.45},"branches":{"total":233,"covered":134,"skipped":0,"pct":57.51}}
,"/Users/adlin/Documents/Code/ORIN/orin-frontend/src/views/System/composables/useUnifiedGatewayPolicies.js": {"lines":{"total":19,"covered":15,"skipped":0,"pct":78.94},"functions":{"total":3,"covered":3,"skipped":0,"pct":100},"statements":{"total":22,"covered":16,"skipped":0,"pct":72.72},"branches":{"total":18,"covered":9,"skipped":0,"pct":50}}
,"/Users/adlin/Documents/Code/ORIN/orin-frontend/src/views/System/composables/useUnifiedGatewayRoutes.js": {"lines":{"total":49,"covered":33,"skipped":0,"pct":67.34},"functions":{"total":6,"covered":4,"skipped":0,"pct":66.66},"statements":{"total":49,"covered":33,"skipped":0,"pct":67.34},"branches":{"total":20,"covered":7,"skipped":0,"pct":35}}
,"/Users/adlin/Documents/Code/ORIN/orin-frontend/src/views/System/composables/useUnifiedGatewayWorkbench.js": {"lines":{"total":37,"covered":23,"skipped":0,"pct":62.16},"functions":{"total":9,"covered":6,"skipped":0,"pct":66.66},"statements":{"total":42,"covered":23,"skipped":0,"pct":54.76},"branches":{"total":116,"covered":57,"skipped":0,"pct":49.13}}
,"/Users/adlin/Documents/Code/ORIN/orin-frontend/src/views/Trace/TraceViewer.vue": {"lines":{"total":212,"covered":139,"skipped":0,"pct":65.56},"functions":{"total":79,"covered":42,"skipped":0,"pct":53.16},"statements":{"total":218,"covered":140,"skipped":0,"pct":64.22},"branches":{"total":132,"covered":72,"skipped":0,"pct":54.54}}
,"/Users/adlin/Documents/Code/ORIN/orin-frontend/src/views/revamp/collaboration/CollaborationDashboardV2.vue": {"lines":{"total":194,"covered":101,"skipped":0,"pct":52.06},"functions":{"total":87,"covered":43,"skipped":0,"pct":49.42},"statements":{"total":209,"covered":107,"skipped":0,"pct":51.19},"branches":{"total":87,"covered":43,"skipped":0,"pct":49.42}}
,"/Users/adlin/Documents/Code/ORIN/orin-frontend/src/views/revamp/system/AuditCenterV2.vue": {"lines":{"total":146,"covered":128,"skipped":0,"pct":87.67},"functions":{"total":62,"covered":54,"skipped":0,"pct":87.09},"statements":{"total":161,"covered":139,"skipped":0,"pct":86.33},"branches":{"total":127,"covered":103,"skipped":0,"pct":81.1}}
}
